2020-09-24 09:19:00 上午 [Thread: DefaultQuartzScheduler_Worker-1][ Class:com.company.task.Detect >> Method: com.company.task.Detect.execute(Detect.java:27) ]
INFO:2020-09-24 09:19:00开始扫描数据库
2020-09-24 09:19:00 上午 [Thread: DefaultQuartzScheduler_Worker-1][ Class:com.company.task.Detect >> Method: com.company.task.Detect.execute(Detect.java:36) ]
INFO:未检测到数据变化
2020-09-24 09:19:00 上午 [Thread: DefaultQuartzScheduler_Worker-1][ Class:com.company.task.Detect >> Method: com.company.task.Detect.execute(Detect.java:40) ]
INFO:2020-09-24 09:19:00扫描结束：395ms
2020-09-24 09:20:00 上午 [Thread: DefaultQuartzScheduler_Worker-2][ Class:com.company.task.Detect >> Method: com.company.task.Detect.execute(Detect.java:27) ]
INFO:2020-09-24 09:20:00开始扫描数据库
2020-09-24 09:20:00 上午 [Thread: DefaultQuartzScheduler_Worker-2][ Class:com.company.task.Detect >> Method: com.company.task.Detect.execute(Detect.java:36) ]
INFO:未检测到数据变化
2020-09-24 09:20:00 上午 [Thread: DefaultQuartzScheduler_Worker-2][ Class:com.company.task.Detect >> Method: com.company.task.Detect.execute(Detect.java:40) ]
INFO:2020-09-24 09:20:00扫描结束：398ms
2020-09-24 09:21:00 上午 [Thread: DefaultQuartzScheduler_Worker-3][ Class:com.company.task.Detect >> Method: com.company.task.Detect.execute(Detect.java:27) ]
INFO:2020-09-24 09:21:00开始扫描数据库
2020-09-24 09:21:00 上午 [Thread: DefaultQuartzScheduler_Worker-3][ Class:com.company.task.Detect >> Method: com.company.task.Detect.execute(Detect.java:36) ]
INFO:未检测到数据变化
2020-09-24 09:21:00 上午 [Thread: DefaultQuartzScheduler_Worker-3][ Class:com.company.task.Detect >> Method: com.company.task.Detect.execute(Detect.java:40) ]
INFO:2020-09-24 09:21:00扫描结束：258ms
2020-09-24 17:02:32 下午 [Thread: JavaFX Application Thread][ Class:com.healthmarketscience.jackcess.Index >> Method: com.healthmarketscience.jackcess.impl.IndexData.setUnsupportedReason(IndexData.java:352) ]
WARN:unsupported collating sort order SortOrder[2052(0)] for text index (Db=TaxManager (2).accdb;Table=t_customer;Index=0), making read-only
2020-09-24 17:02:32 下午 [Thread: JavaFX Application Thread][ Class:com.healthmarketscience.jackcess.Index >> Method: com.healthmarketscience.jackcess.impl.IndexData.setUnsupportedReason(IndexData.java:352) ]
WARN:unsupported collating sort order SortOrder[2052(0)] for text index (Db=TaxManager (2).accdb;Table=t_customer;Index=1), making read-only
2020-09-24 17:02:32 下午 [Thread: JavaFX Application Thread][ Class:com.healthmarketscience.jackcess.Index >> Method: com.healthmarketscience.jackcess.impl.IndexData.setUnsupportedReason(IndexData.java:352) ]
WARN:unsupported collating sort order SortOrder[2052(0)] for text index (Db=TaxManager (2).accdb;Table=t_customer;Index=2), making read-only
2020-09-24 17:02:32 下午 [Thread: JavaFX Application Thread][ Class:com.healthmarketscience.jackcess.Index >> Method: com.healthmarketscience.jackcess.impl.IndexData.setUnsupportedReason(IndexData.java:352) ]
WARN:unsupported collating sort order SortOrder[2052(0)] for text index (Db=TaxManager (2).accdb;Table=T_FUNCTION;Index=0), making read-only
2020-09-24 17:02:32 下午 [Thread: JavaFX Application Thread][ Class:com.healthmarketscience.jackcess.Index >> Method: com.healthmarketscience.jackcess.impl.IndexData.setUnsupportedReason(IndexData.java:352) ]
WARN:unsupported collating sort order SortOrder[2052(0)] for text index (Db=TaxManager (2).accdb;Table=T_FUNCTION;Index=3), making read-only
2020-09-24 17:02:32 下午 [Thread: JavaFX Application Thread][ Class:com.healthmarketscience.jackcess.Index >> Method: com.healthmarketscience.jackcess.impl.IndexData.setUnsupportedReason(IndexData.java:352) ]
WARN:unsupported collating sort order SortOrder[2052(0)] for text index (Db=TaxManager (2).accdb;Table=t_goods;Index=0), making read-only
2020-09-24 17:02:32 下午 [Thread: JavaFX Application Thread][ Class:com.healthmarketscience.jackcess.Index >> Method: com.healthmarketscience.jackcess.impl.IndexData.setUnsupportedReason(IndexData.java:352) ]
WARN:unsupported collating sort order SortOrder[2052(0)] for text index (Db=TaxManager (2).accdb;Table=t_goods;Index=1), making read-only
2020-09-24 17:02:32 下午 [Thread: JavaFX Application Thread][ Class:com.healthmarketscience.jackcess.Index >> Method: com.healthmarketscience.jackcess.impl.IndexData.setUnsupportedReason(IndexData.java:352) ]
WARN:unsupported collating sort order SortOrder[2052(0)] for text index (Db=TaxManager (2).accdb;Table=t_goods;Index=3), making read-only
2020-09-24 17:02:32 下午 [Thread: JavaFX Application Thread][ Class:com.healthmarketscience.jackcess.Index >> Method: com.healthmarketscience.jackcess.impl.IndexData.setUnsupportedReason(IndexData.java:352) ]
WARN:unsupported collating sort order SortOrder[2052(0)] for text index (Db=TaxManager (2).accdb;Table=T_ROLE;Index=2), making read-only
2020-09-24 17:02:32 下午 [Thread: JavaFX Application Thread][ Class:com.healthmarketscience.jackcess.Index >> Method: com.healthmarketscience.jackcess.impl.IndexData.setUnsupportedReason(IndexData.java:352) ]
WARN:unsupported collating sort order SortOrder[2052(0)] for text index (Db=TaxManager (2).accdb;Table=t_tmpopt;Index=0), making read-only
2020-09-24 17:02:32 下午 [Thread: JavaFX Application Thread][ Class:com.healthmarketscience.jackcess.Index >> Method: com.healthmarketscience.jackcess.impl.IndexData.setUnsupportedReason(IndexData.java:352) ]
WARN:unsupported collating sort order SortOrder[2052(0)] for text index (Db=TaxManager (2).accdb;Table=t_tmpopt;Index=1), making read-only
2020-09-24 17:02:32 下午 [Thread: JavaFX Application Thread][ Class:com.healthmarketscience.jackcess.Index >> Method: com.healthmarketscience.jackcess.impl.IndexData.setUnsupportedReason(IndexData.java:352) ]
WARN:unsupported collating sort order SortOrder[2052(0)] for text index (Db=TaxManager (2).accdb;Table=t_tmpopt;Index=2), making read-only
2020-09-24 17:02:32 下午 [Thread: JavaFX Application Thread][ Class:com.healthmarketscience.jackcess.Index >> Method: com.healthmarketscience.jackcess.impl.IndexData.setUnsupportedReason(IndexData.java:352) ]
WARN:unsupported collating sort order SortOrder[2052(0)] for text index (Db=TaxManager (2).accdb;Table=t_tmpopt;Index=3), making read-only
2020-09-24 17:02:32 下午 [Thread: JavaFX Application Thread][ Class:com.healthmarketscience.jackcess.Index >> Method: com.healthmarketscience.jackcess.impl.IndexData.setUnsupportedReason(IndexData.java:352) ]
WARN:unsupported collating sort order SortOrder[2052(0)] for text index (Db=TaxManager (2).accdb;Table=t_tmpopt;Index=4), making read-only
2020-09-24 17:02:32 下午 [Thread: JavaFX Application Thread][ Class:com.healthmarketscience.jackcess.Index >> Method: com.healthmarketscience.jackcess.impl.IndexData.setUnsupportedReason(IndexData.java:352) ]
WARN:unsupported collating sort order SortOrder[2052(0)] for text index (Db=TaxManager (2).accdb;Table=t_tmpopt;Index=5), making read-only
2020-09-24 17:02:32 下午 [Thread: JavaFX Application Thread][ Class:com.healthmarketscience.jackcess.Index >> Method: com.healthmarketscience.jackcess.impl.IndexData.setUnsupportedReason(IndexData.java:352) ]
WARN:unsupported collating sort order SortOrder[2052(0)] for text index (Db=TaxManager (2).accdb;Table=t_tmpopt;Index=7), making read-only
2020-09-24 17:02:32 下午 [Thread: JavaFX Application Thread][ Class:com.healthmarketscience.jackcess.Index >> Method: com.healthmarketscience.jackcess.impl.IndexData.setUnsupportedReason(IndexData.java:352) ]
WARN:unsupported collating sort order SortOrder[2052(0)] for text index (Db=TaxManager (2).accdb;Table=t_tmpopt;Index=8), making read-only
2020-09-24 17:02:32 下午 [Thread: JavaFX Application Thread][ Class:com.healthmarketscience.jackcess.Index >> Method: com.healthmarketscience.jackcess.impl.IndexData.setUnsupportedReason(IndexData.java:352) ]
WARN:unsupported collating sort order SortOrder[2052(0)] for text index (Db=TaxManager (2).accdb;Table=t_tmpopt_log;Index=0), making read-only
2020-09-24 17:02:32 下午 [Thread: JavaFX Application Thread][ Class:com.healthmarketscience.jackcess.Index >> Method: com.healthmarketscience.jackcess.impl.IndexData.setUnsupportedReason(IndexData.java:352) ]
WARN:unsupported collating sort order SortOrder[2052(0)] for text index (Db=TaxManager (2).accdb;Table=t_tmpopt_log;Index=1), making read-only
2020-09-24 17:02:32 下午 [Thread: JavaFX Application Thread][ Class:com.healthmarketscience.jackcess.Index >> Method: com.healthmarketscience.jackcess.impl.IndexData.setUnsupportedReason(IndexData.java:352) ]
WARN:unsupported collating sort order SortOrder[2052(0)] for text index (Db=TaxManager (2).accdb;Table=t_tmpopt_log;Index=2), making read-only
2020-09-24 17:02:32 下午 [Thread: JavaFX Application Thread][ Class:com.healthmarketscience.jackcess.Index >> Method: com.healthmarketscience.jackcess.impl.IndexData.setUnsupportedReason(IndexData.java:352) ]
WARN:unsupported collating sort order SortOrder[2052(0)] for text index (Db=TaxManager (2).accdb;Table=t_tmpopt_log;Index=3), making read-only
2020-09-24 17:02:32 下午 [Thread: JavaFX Application Thread][ Class:com.healthmarketscience.jackcess.Index >> Method: com.healthmarketscience.jackcess.impl.IndexData.setUnsupportedReason(IndexData.java:352) ]
WARN:unsupported collating sort order SortOrder[2052(0)] for text index (Db=TaxManager (2).accdb;Table=t_tmpopt_log;Index=4), making read-only
2020-09-24 17:02:32 下午 [Thread: JavaFX Application Thread][ Class:com.healthmarketscience.jackcess.Index >> Method: com.healthmarketscience.jackcess.impl.IndexData.setUnsupportedReason(IndexData.java:352) ]
WARN:unsupported collating sort order SortOrder[2052(0)] for text index (Db=TaxManager (2).accdb;Table=t_tmpopt_log;Index=5), making read-only
2020-09-24 17:02:32 下午 [Thread: JavaFX Application Thread][ Class:com.healthmarketscience.jackcess.Index >> Method: com.healthmarketscience.jackcess.impl.IndexData.setUnsupportedReason(IndexData.java:352) ]
WARN:unsupported collating sort order SortOrder[2052(0)] for text index (Db=TaxManager (2).accdb;Table=t_tmpopt_log;Index=7), making read-only
2020-09-24 17:02:32 下午 [Thread: JavaFX Application Thread][ Class:com.healthmarketscience.jackcess.Index >> Method: com.healthmarketscience.jackcess.impl.IndexData.setUnsupportedReason(IndexData.java:352) ]
WARN:unsupported collating sort order SortOrder[2052(0)] for text index (Db=TaxManager (2).accdb;Table=t_tmpopt_log;Index=8), making read-only
2020-09-24 17:02:32 下午 [Thread: JavaFX Application Thread][ Class:com.healthmarketscience.jackcess.Index >> Method: com.healthmarketscience.jackcess.impl.IndexData.setUnsupportedReason(IndexData.java:352) ]
WARN:unsupported collating sort order SortOrder[2052(0)] for text index (Db=TaxManager (2).accdb;Table=T_USER;Index=2), making read-only
2020-09-24 17:02:32 下午 [Thread: JavaFX Application Thread][ Class:com.healthmarketscience.jackcess.Index >> Method: com.healthmarketscience.jackcess.impl.IndexData.setUnsupportedReason(IndexData.java:352) ]
WARN:unsupported collating sort order SortOrder[2052(0)] for text index (Db=TaxManager (2).accdb;Table=T_USER;Index=3), making read-only
2020-09-24 17:02:32 下午 [Thread: JavaFX Application Thread][ Class:com.healthmarketscience.jackcess.Index >> Method: com.healthmarketscience.jackcess.impl.IndexData.setUnsupportedReason(IndexData.java:352) ]
WARN:unsupported collating sort order SortOrder[2052(0)] for text index (Db=TaxManager (2).accdb;Table=t_xsdj;Index=0), making read-only
2020-09-24 17:02:33 下午 [Thread: JavaFX Application Thread][ Class:com.healthmarketscience.jackcess.Index >> Method: com.healthmarketscience.jackcess.impl.IndexData.setUnsupportedReason(IndexData.java:352) ]
WARN:unsupported collating sort order SortOrder[2052(0)] for text index (Db=TaxManager (2).accdb;Table=t_xsdj;Index=3), making read-only
2020-09-24 17:02:33 下午 [Thread: JavaFX Application Thread][ Class:com.healthmarketscience.jackcess.Index >> Method: com.healthmarketscience.jackcess.impl.IndexData.setUnsupportedReason(IndexData.java:352) ]
WARN:unsupported collating sort order SortOrder[2052(0)] for text index (Db=TaxManager (2).accdb;Table=t_xsdj;Index=5), making read-only
2020-09-24 17:02:33 下午 [Thread: JavaFX Application Thread][ Class:com.healthmarketscience.jackcess.Index >> Method: com.healthmarketscience.jackcess.impl.IndexData.setUnsupportedReason(IndexData.java:352) ]
WARN:unsupported collating sort order SortOrder[2052(0)] for text index (Db=TaxManager (2).accdb;Table=t_xsdj;Index=6), making read-only
2020-09-24 17:02:33 下午 [Thread: JavaFX Application Thread][ Class:com.healthmarketscience.jackcess.Index >> Method: com.healthmarketscience.jackcess.impl.IndexData.setUnsupportedReason(IndexData.java:352) ]
WARN:unsupported collating sort order SortOrder[2052(0)] for text index (Db=TaxManager (2).accdb;Table=t_xsdj_mx;Index=1), making read-only
2020-09-24 17:02:33 下午 [Thread: JavaFX Application Thread][ Class:com.healthmarketscience.jackcess.Index >> Method: com.healthmarketscience.jackcess.impl.IndexData.setUnsupportedReason(IndexData.java:352) ]
WARN:unsupported collating sort order SortOrder[2052(0)] for text index (Db=TaxManager (2).accdb;Table=t_xsdj_mx;Index=3), making read-only
2020-09-24 17:02:33 下午 [Thread: JavaFX Application Thread][ Class:com.healthmarketscience.jackcess.Index >> Method: com.healthmarketscience.jackcess.impl.IndexData.setUnsupportedReason(IndexData.java:352) ]
WARN:unsupported collating sort order SortOrder[2052(0)] for text index (Db=TaxManager (2).accdb;Table=t_xsdj_mxhb;Index=1), making read-only
2020-09-24 17:02:33 下午 [Thread: JavaFX Application Thread][ Class:com.healthmarketscience.jackcess.Index >> Method: com.healthmarketscience.jackcess.impl.IndexData.setUnsupportedReason(IndexData.java:352) ]
WARN:unsupported collating sort order SortOrder[2052(0)] for text index (Db=TaxManager (2).accdb;Table=t_xsdj_mxhb;Index=3), making read-only
2020-09-24 17:02:33 下午 [Thread: JavaFX Application Thread][ Class:com.healthmarketscience.jackcess.Index >> Method: com.healthmarketscience.jackcess.impl.IndexData.setUnsupportedReason(IndexData.java:352) ]
WARN:unsupported collating sort order SortOrder[2052(0)] for text index (Db=TaxManager (2).accdb;Table=t_xsdj_relation;Index=0), making read-only
2020-09-24 17:02:33 下午 [Thread: JavaFX Application Thread][ Class:com.healthmarketscience.jackcess.Index >> Method: com.healthmarketscience.jackcess.impl.IndexData.setUnsupportedReason(IndexData.java:352) ]
WARN:unsupported collating sort order SortOrder[2052(0)] for text index (Db=TaxManager (2).accdb;Table=t_xsdj_relation;Index=1), making read-only
2020-09-24 17:02:33 下午 [Thread: JavaFX Application Thread][ Class:com.healthmarketscience.jackcess.Index >> Method: com.healthmarketscience.jackcess.impl.IndexData.setUnsupportedReason(IndexData.java:352) ]
WARN:unsupported collating sort order SortOrder[2052(0)] for text index (Db=TaxManager (2).accdb;Table=t_xsdjhb;Index=2), making read-only
2020-09-24 17:02:33 下午 [Thread: JavaFX Application Thread][ Class:com.healthmarketscience.jackcess.Index >> Method: com.healthmarketscience.jackcess.impl.IndexData.setUnsupportedReason(IndexData.java:352) ]
WARN:unsupported collating sort order SortOrder[2052(0)] for text index (Db=TaxManager (2).accdb;Table=t_xsdjmx_relation;Index=0), making read-only
2020-09-24 17:02:33 下午 [Thread: JavaFX Application Thread][ Class:com.healthmarketscience.jackcess.Index >> Method: com.healthmarketscience.jackcess.impl.IndexData.setUnsupportedReason(IndexData.java:352) ]
WARN:unsupported collating sort order SortOrder[2052(0)] for text index (Db=TaxManager (2).accdb;Table=t_xsdjmx_relation;Index=1), making read-only
2020-09-24 17:02:33 下午 [Thread: JavaFX Application Thread][ Class:com.healthmarketscience.jackcess.Index >> Method: com.healthmarketscience.jackcess.impl.IndexData.setUnsupportedReason(IndexData.java:352) ]
WARN:unsupported collating sort order SortOrder[2052(0)] for text index (Db=TaxManager (2).accdb;Table=t_xxfp;Index=0), making read-only
2020-09-24 17:02:33 下午 [Thread: JavaFX Application Thread][ Class:com.healthmarketscience.jackcess.Index >> Method: com.healthmarketscience.jackcess.impl.IndexData.setUnsupportedReason(IndexData.java:352) ]
WARN:unsupported collating sort order SortOrder[2052(0)] for text index (Db=TaxManager (2).accdb;Table=t_xxfp;Index=2), making read-only
2020-09-24 17:02:33 下午 [Thread: JavaFX Application Thread][ Class:com.healthmarketscience.jackcess.Index >> Method: com.healthmarketscience.jackcess.impl.IndexData.setUnsupportedReason(IndexData.java:352) ]
WARN:unsupported collating sort order SortOrder[2052(0)] for text index (Db=TaxManager (2).accdb;Table=t_xxfp;Index=5), making read-only
2020-09-24 17:02:33 下午 [Thread: JavaFX Application Thread][ Class:com.healthmarketscience.jackcess.Index >> Method: com.healthmarketscience.jackcess.impl.IndexData.setUnsupportedReason(IndexData.java:352) ]
WARN:unsupported collating sort order SortOrder[2052(0)] for text index (Db=TaxManager (2).accdb;Table=t_xxfp_mx;Index=2), making read-only
2020-09-24 17:02:33 下午 [Thread: JavaFX Application Thread][ Class:com.healthmarketscience.jackcess.Index >> Method: com.healthmarketscience.jackcess.impl.IndexData.setUnsupportedReason(IndexData.java:352) ]
WARN:unsupported collating sort order SortOrder[2052(0)] for text index (Db=TaxManager (2).accdb;Table=t_customer;Index=0), making read-only
2020-09-24 17:02:33 下午 [Thread: JavaFX Application Thread][ Class:com.healthmarketscience.jackcess.Index >> Method: com.healthmarketscience.jackcess.impl.IndexData.setUnsupportedReason(IndexData.java:352) ]
WARN:unsupported collating sort order SortOrder[2052(0)] for text index (Db=TaxManager (2).accdb;Table=t_customer;Index=1), making read-only
2020-09-24 17:02:33 下午 [Thread: JavaFX Application Thread][ Class:com.healthmarketscience.jackcess.Index >> Method: com.healthmarketscience.jackcess.impl.IndexData.setUnsupportedReason(IndexData.java:352) ]
WARN:unsupported collating sort order SortOrder[2052(0)] for text index (Db=TaxManager (2).accdb;Table=t_customer;Index=2), making read-only
2020-09-24 17:02:33 下午 [Thread: JavaFX Application Thread][ Class:com.healthmarketscience.jackcess.Index >> Method: com.healthmarketscience.jackcess.impl.IndexData.setUnsupportedReason(IndexData.java:352) ]
WARN:unsupported collating sort order SortOrder[2052(0)] for text index (Db=TaxManager (2).accdb;Table=T_FUNCTION;Index=0), making read-only
2020-09-24 17:02:33 下午 [Thread: JavaFX Application Thread][ Class:com.healthmarketscience.jackcess.Index >> Method: com.healthmarketscience.jackcess.impl.IndexData.setUnsupportedReason(IndexData.java:352) ]
WARN:unsupported collating sort order SortOrder[2052(0)] for text index (Db=TaxManager (2).accdb;Table=T_FUNCTION;Index=3), making read-only
2020-09-24 17:02:33 下午 [Thread: JavaFX Application Thread][ Class:com.healthmarketscience.jackcess.Index >> Method: com.healthmarketscience.jackcess.impl.IndexData.setUnsupportedReason(IndexData.java:352) ]
WARN:unsupported collating sort order SortOrder[2052(0)] for text index (Db=TaxManager (2).accdb;Table=t_goods;Index=0), making read-only
2020-09-24 17:02:33 下午 [Thread: JavaFX Application Thread][ Class:com.healthmarketscience.jackcess.Index >> Method: com.healthmarketscience.jackcess.impl.IndexData.setUnsupportedReason(IndexData.java:352) ]
WARN:unsupported collating sort order SortOrder[2052(0)] for text index (Db=TaxManager (2).accdb;Table=t_goods;Index=1), making read-only
2020-09-24 17:02:33 下午 [Thread: JavaFX Application Thread][ Class:com.healthmarketscience.jackcess.Index >> Method: com.healthmarketscience.jackcess.impl.IndexData.setUnsupportedReason(IndexData.java:352) ]
WARN:unsupported collating sort order SortOrder[2052(0)] for text index (Db=TaxManager (2).accdb;Table=t_goods;Index=3), making read-only
2020-09-24 17:02:33 下午 [Thread: JavaFX Application Thread][ Class:com.healthmarketscience.jackcess.Index >> Method: com.healthmarketscience.jackcess.impl.IndexData.setUnsupportedReason(IndexData.java:352) ]
WARN:unsupported collating sort order SortOrder[2052(0)] for text index (Db=TaxManager (2).accdb;Table=T_ROLE;Index=2), making read-only
2020-09-24 17:02:33 下午 [Thread: JavaFX Application Thread][ Class:com.healthmarketscience.jackcess.Index >> Method: com.healthmarketscience.jackcess.impl.IndexData.setUnsupportedReason(IndexData.java:352) ]
WARN:unsupported collating sort order SortOrder[2052(0)] for text index (Db=TaxManager (2).accdb;Table=t_tmpopt;Index=0), making read-only
2020-09-24 17:02:33 下午 [Thread: JavaFX Application Thread][ Class:com.healthmarketscience.jackcess.Index >> Method: com.healthmarketscience.jackcess.impl.IndexData.setUnsupportedReason(IndexData.java:352) ]
WARN:unsupported collating sort order SortOrder[2052(0)] for text index (Db=TaxManager (2).accdb;Table=t_tmpopt;Index=1), making read-only
2020-09-24 17:02:33 下午 [Thread: JavaFX Application Thread][ Class:com.healthmarketscience.jackcess.Index >> Method: com.healthmarketscience.jackcess.impl.IndexData.setUnsupportedReason(IndexData.java:352) ]
WARN:unsupported collating sort order SortOrder[2052(0)] for text index (Db=TaxManager (2).accdb;Table=t_tmpopt;Index=2), making read-only
2020-09-24 17:02:33 下午 [Thread: JavaFX Application Thread][ Class:com.healthmarketscience.jackcess.Index >> Method: com.healthmarketscience.jackcess.impl.IndexData.setUnsupportedReason(IndexData.java:352) ]
WARN:unsupported collating sort order SortOrder[2052(0)] for text index (Db=TaxManager (2).accdb;Table=t_tmpopt;Index=3), making read-only
2020-09-24 17:02:33 下午 [Thread: JavaFX Application Thread][ Class:com.healthmarketscience.jackcess.Index >> Method: com.healthmarketscience.jackcess.impl.IndexData.setUnsupportedReason(IndexData.java:352) ]
WARN:unsupported collating sort order SortOrder[2052(0)] for text index (Db=TaxManager (2).accdb;Table=t_tmpopt;Index=4), making read-only
2020-09-24 17:02:33 下午 [Thread: JavaFX Application Thread][ Class:com.healthmarketscience.jackcess.Index >> Method: com.healthmarketscience.jackcess.impl.IndexData.setUnsupportedReason(IndexData.java:352) ]
WARN:unsupported collating sort order SortOrder[2052(0)] for text index (Db=TaxManager (2).accdb;Table=t_tmpopt;Index=5), making read-only
2020-09-24 17:02:33 下午 [Thread: JavaFX Application Thread][ Class:com.healthmarketscience.jackcess.Index >> Method: com.healthmarketscience.jackcess.impl.IndexData.setUnsupportedReason(IndexData.java:352) ]
WARN:unsupported collating sort order SortOrder[2052(0)] for text index (Db=TaxManager (2).accdb;Table=t_tmpopt;Index=7), making read-only
2020-09-24 17:02:33 下午 [Thread: JavaFX Application Thread][ Class:com.healthmarketscience.jackcess.Index >> Method: com.healthmarketscience.jackcess.impl.IndexData.setUnsupportedReason(IndexData.java:352) ]
WARN:unsupported collating sort order SortOrder[2052(0)] for text index (Db=TaxManager (2).accdb;Table=t_tmpopt;Index=8), making read-only
2020-09-24 17:02:33 下午 [Thread: JavaFX Application Thread][ Class:com.healthmarketscience.jackcess.Index >> Method: com.healthmarketscience.jackcess.impl.IndexData.setUnsupportedReason(IndexData.java:352) ]
WARN:unsupported collating sort order SortOrder[2052(0)] for text index (Db=TaxManager (2).accdb;Table=t_tmpopt_log;Index=0), making read-only
2020-09-24 17:02:33 下午 [Thread: JavaFX Application Thread][ Class:com.healthmarketscience.jackcess.Index >> Method: com.healthmarketscience.jackcess.impl.IndexData.setUnsupportedReason(IndexData.java:352) ]
WARN:unsupported collating sort order SortOrder[2052(0)] for text index (Db=TaxManager (2).accdb;Table=t_tmpopt_log;Index=1), making read-only
2020-09-24 17:02:33 下午 [Thread: JavaFX Application Thread][ Class:com.healthmarketscience.jackcess.Index >> Method: com.healthmarketscience.jackcess.impl.IndexData.setUnsupportedReason(IndexData.java:352) ]
WARN:unsupported collating sort order SortOrder[2052(0)] for text index (Db=TaxManager (2).accdb;Table=t_tmpopt_log;Index=2), making read-only
2020-09-24 17:02:33 下午 [Thread: JavaFX Application Thread][ Class:com.healthmarketscience.jackcess.Index >> Method: com.healthmarketscience.jackcess.impl.IndexData.setUnsupportedReason(IndexData.java:352) ]
WARN:unsupported collating sort order SortOrder[2052(0)] for text index (Db=TaxManager (2).accdb;Table=t_tmpopt_log;Index=3), making read-only
2020-09-24 17:02:33 下午 [Thread: JavaFX Application Thread][ Class:com.healthmarketscience.jackcess.Index >> Method: com.healthmarketscience.jackcess.impl.IndexData.setUnsupportedReason(IndexData.java:352) ]
WARN:unsupported collating sort order SortOrder[2052(0)] for text index (Db=TaxManager (2).accdb;Table=t_tmpopt_log;Index=4), making read-only
2020-09-24 17:02:33 下午 [Thread: JavaFX Application Thread][ Class:com.healthmarketscience.jackcess.Index >> Method: com.healthmarketscience.jackcess.impl.IndexData.setUnsupportedReason(IndexData.java:352) ]
WARN:unsupported collating sort order SortOrder[2052(0)] for text index (Db=TaxManager (2).accdb;Table=t_tmpopt_log;Index=5), making read-only
2020-09-24 17:02:33 下午 [Thread: JavaFX Application Thread][ Class:com.healthmarketscience.jackcess.Index >> Method: com.healthmarketscience.jackcess.impl.IndexData.setUnsupportedReason(IndexData.java:352) ]
WARN:unsupported collating sort order SortOrder[2052(0)] for text index (Db=TaxManager (2).accdb;Table=t_tmpopt_log;Index=7), making read-only
2020-09-24 17:02:33 下午 [Thread: JavaFX Application Thread][ Class:com.healthmarketscience.jackcess.Index >> Method: com.healthmarketscience.jackcess.impl.IndexData.setUnsupportedReason(IndexData.java:352) ]
WARN:unsupported collating sort order SortOrder[2052(0)] for text index (Db=TaxManager (2).accdb;Table=t_tmpopt_log;Index=8), making read-only
2020-09-24 17:02:33 下午 [Thread: JavaFX Application Thread][ Class:com.healthmarketscience.jackcess.Index >> Method: com.healthmarketscience.jackcess.impl.IndexData.setUnsupportedReason(IndexData.java:352) ]
WARN:unsupported collating sort order SortOrder[2052(0)] for text index (Db=TaxManager (2).accdb;Table=T_USER;Index=2), making read-only
2020-09-24 17:02:33 下午 [Thread: JavaFX Application Thread][ Class:com.healthmarketscience.jackcess.Index >> Method: com.healthmarketscience.jackcess.impl.IndexData.setUnsupportedReason(IndexData.java:352) ]
WARN:unsupported collating sort order SortOrder[2052(0)] for text index (Db=TaxManager (2).accdb;Table=T_USER;Index=3), making read-only
2020-09-24 17:02:33 下午 [Thread: JavaFX Application Thread][ Class:com.healthmarketscience.jackcess.Index >> Method: com.healthmarketscience.jackcess.impl.IndexData.setUnsupportedReason(IndexData.java:352) ]
WARN:unsupported collating sort order SortOrder[2052(0)] for text index (Db=TaxManager (2).accdb;Table=T_FUNCTION;Index=0), making read-only
2020-09-24 17:02:33 下午 [Thread: JavaFX Application Thread][ Class:com.healthmarketscience.jackcess.Index >> Method: com.healthmarketscience.jackcess.impl.IndexData.setUnsupportedReason(IndexData.java:352) ]
WARN:unsupported collating sort order SortOrder[2052(0)] for text index (Db=TaxManager (2).accdb;Table=T_FUNCTION;Index=3), making read-only
2020-09-24 17:02:33 下午 [Thread: JavaFX Application Thread][ Class:com.healthmarketscience.jackcess.Index >> Method: com.healthmarketscience.jackcess.impl.IndexData.setUnsupportedReason(IndexData.java:352) ]
WARN:unsupported collating sort order SortOrder[2052(0)] for text index (Db=TaxManager (2).accdb;Table=t_goods;Index=0), making read-only
2020-09-24 17:02:33 下午 [Thread: JavaFX Application Thread][ Class:com.healthmarketscience.jackcess.Index >> Method: com.healthmarketscience.jackcess.impl.IndexData.setUnsupportedReason(IndexData.java:352) ]
WARN:unsupported collating sort order SortOrder[2052(0)] for text index (Db=TaxManager (2).accdb;Table=t_goods;Index=1), making read-only
2020-09-24 17:02:33 下午 [Thread: JavaFX Application Thread][ Class:com.healthmarketscience.jackcess.Index >> Method: com.healthmarketscience.jackcess.impl.IndexData.setUnsupportedReason(IndexData.java:352) ]
WARN:unsupported collating sort order SortOrder[2052(0)] for text index (Db=TaxManager (2).accdb;Table=t_goods;Index=3), making read-only
2020-09-24 17:02:33 下午 [Thread: JavaFX Application Thread][ Class:com.healthmarketscience.jackcess.Index >> Method: com.healthmarketscience.jackcess.impl.IndexData.setUnsupportedReason(IndexData.java:352) ]
WARN:unsupported collating sort order SortOrder[2052(0)] for text index (Db=TaxManager (2).accdb;Table=T_ROLE;Index=2), making read-only
2020-09-24 17:02:33 下午 [Thread: JavaFX Application Thread][ Class:com.healthmarketscience.jackcess.Index >> Method: com.healthmarketscience.jackcess.impl.IndexData.setUnsupportedReason(IndexData.java:352) ]
WARN:unsupported collating sort order SortOrder[2052(0)] for text index (Db=TaxManager (2).accdb;Table=t_tmpopt;Index=0), making read-only
2020-09-24 17:02:33 下午 [Thread: JavaFX Application Thread][ Class:com.healthmarketscience.jackcess.Index >> Method: com.healthmarketscience.jackcess.impl.IndexData.setUnsupportedReason(IndexData.java:352) ]
WARN:unsupported collating sort order SortOrder[2052(0)] for text index (Db=TaxManager (2).accdb;Table=t_tmpopt;Index=1), making read-only
2020-09-24 17:02:33 下午 [Thread: JavaFX Application Thread][ Class:com.healthmarketscience.jackcess.Index >> Method: com.healthmarketscience.jackcess.impl.IndexData.setUnsupportedReason(IndexData.java:352) ]
WARN:unsupported collating sort order SortOrder[2052(0)] for text index (Db=TaxManager (2).accdb;Table=t_tmpopt;Index=2), making read-only
2020-09-24 17:02:33 下午 [Thread: JavaFX Application Thread][ Class:com.healthmarketscience.jackcess.Index >> Method: com.healthmarketscience.jackcess.impl.IndexData.setUnsupportedReason(IndexData.java:352) ]
WARN:unsupported collating sort order SortOrder[2052(0)] for text index (Db=TaxManager (2).accdb;Table=t_tmpopt;Index=3), making read-only
2020-09-24 17:02:33 下午 [Thread: JavaFX Application Thread][ Class:com.healthmarketscience.jackcess.Index >> Method: com.healthmarketscience.jackcess.impl.IndexData.setUnsupportedReason(IndexData.java:352) ]
WARN:unsupported collating sort order SortOrder[2052(0)] for text index (Db=TaxManager (2).accdb;Table=t_tmpopt;Index=4), making read-only
2020-09-24 17:02:33 下午 [Thread: JavaFX Application Thread][ Class:com.healthmarketscience.jackcess.Index >> Method: com.healthmarketscience.jackcess.impl.IndexData.setUnsupportedReason(IndexData.java:352) ]
WARN:unsupported collating sort order SortOrder[2052(0)] for text index (Db=TaxManager (2).accdb;Table=t_tmpopt;Index=5), making read-only
2020-09-24 17:02:33 下午 [Thread: JavaFX Application Thread][ Class:com.healthmarketscience.jackcess.Index >> Method: com.healthmarketscience.jackcess.impl.IndexData.setUnsupportedReason(IndexData.java:352) ]
WARN:unsupported collating sort order SortOrder[2052(0)] for text index (Db=TaxManager (2).accdb;Table=t_tmpopt;Index=7), making read-only
2020-09-24 17:02:33 下午 [Thread: JavaFX Application Thread][ Class:com.healthmarketscience.jackcess.Index >> Method: com.healthmarketscience.jackcess.impl.IndexData.setUnsupportedReason(IndexData.java:352) ]
WARN:unsupported collating sort order SortOrder[2052(0)] for text index (Db=TaxManager (2).accdb;Table=t_tmpopt;Index=8), making read-only
2020-09-24 17:02:33 下午 [Thread: JavaFX Application Thread][ Class:com.healthmarketscience.jackcess.Index >> Method: com.healthmarketscience.jackcess.impl.IndexData.setUnsupportedReason(IndexData.java:352) ]
WARN:unsupported collating sort order SortOrder[2052(0)] for text index (Db=TaxManager (2).accdb;Table=t_tmpopt_log;Index=0), making read-only
2020-09-24 17:02:33 下午 [Thread: JavaFX Application Thread][ Class:com.healthmarketscience.jackcess.Index >> Method: com.healthmarketscience.jackcess.impl.IndexData.setUnsupportedReason(IndexData.java:352) ]
WARN:unsupported collating sort order SortOrder[2052(0)] for text index (Db=TaxManager (2).accdb;Table=t_tmpopt_log;Index=1), making read-only
2020-09-24 17:02:33 下午 [Thread: JavaFX Application Thread][ Class:com.healthmarketscience.jackcess.Index >> Method: com.healthmarketscience.jackcess.impl.IndexData.setUnsupportedReason(IndexData.java:352) ]
WARN:unsupported collating sort order SortOrder[2052(0)] for text index (Db=TaxManager (2).accdb;Table=t_tmpopt_log;Index=2), making read-only
2020-09-24 17:02:33 下午 [Thread: JavaFX Application Thread][ Class:com.healthmarketscience.jackcess.Index >> Method: com.healthmarketscience.jackcess.impl.IndexData.setUnsupportedReason(IndexData.java:352) ]
WARN:unsupported collating sort order SortOrder[2052(0)] for text index (Db=TaxManager (2).accdb;Table=t_tmpopt_log;Index=3), making read-only
2020-09-24 17:02:33 下午 [Thread: JavaFX Application Thread][ Class:com.healthmarketscience.jackcess.Index >> Method: com.healthmarketscience.jackcess.impl.IndexData.setUnsupportedReason(IndexData.java:352) ]
WARN:unsupported collating sort order SortOrder[2052(0)] for text index (Db=TaxManager (2).accdb;Table=t_tmpopt_log;Index=4), making read-only
2020-09-24 17:02:33 下午 [Thread: JavaFX Application Thread][ Class:com.healthmarketscience.jackcess.Index >> Method: com.healthmarketscience.jackcess.impl.IndexData.setUnsupportedReason(IndexData.java:352) ]
WARN:unsupported collating sort order SortOrder[2052(0)] for text index (Db=TaxManager (2).accdb;Table=t_tmpopt_log;Index=5), making read-only
2020-09-24 17:02:33 下午 [Thread: JavaFX Application Thread][ Class:com.healthmarketscience.jackcess.Index >> Method: com.healthmarketscience.jackcess.impl.IndexData.setUnsupportedReason(IndexData.java:352) ]
WARN:unsupported collating sort order SortOrder[2052(0)] for text index (Db=TaxManager (2).accdb;Table=t_tmpopt_log;Index=7), making read-only
2020-09-24 17:02:33 下午 [Thread: JavaFX Application Thread][ Class:com.healthmarketscience.jackcess.Index >> Method: com.healthmarketscience.jackcess.impl.IndexData.setUnsupportedReason(IndexData.java:352) ]
WARN:unsupported collating sort order SortOrder[2052(0)] for text index (Db=TaxManager (2).accdb;Table=t_tmpopt_log;Index=8), making read-only
2020-09-24 17:02:52 下午 [Thread: JavaFX Application Thread][ Class:com.healthmarketscience.jackcess.Index >> Method: com.healthmarketscience.jackcess.impl.IndexData.setUnsupportedReason(IndexData.java:352) ]
WARN:unsupported collating sort order SortOrder[2052(0)] for text index (Db=TaxManager (2).accdb;Table=T_USER;Index=2), making read-only
2020-09-24 17:02:52 下午 [Thread: JavaFX Application Thread][ Class:com.healthmarketscience.jackcess.Index >> Method: com.healthmarketscience.jackcess.impl.IndexData.setUnsupportedReason(IndexData.java:352) ]
WARN:unsupported collating sort order SortOrder[2052(0)] for text index (Db=TaxManager (2).accdb;Table=T_USER;Index=3), making read-only
2020-09-24 17:02:52 下午 [Thread: JavaFX Application Thread][ Class:com.healthmarketscience.jackcess.Index >> Method: com.healthmarketscience.jackcess.impl.IndexData.setUnsupportedReason(IndexData.java:352) ]
WARN:unsupported collating sort order SortOrder[2052(0)] for text index (Db=TaxManager (2).accdb;Table=t_xsdj;Index=0), making read-only
2020-09-24 17:02:52 下午 [Thread: JavaFX Application Thread][ Class:com.healthmarketscience.jackcess.Index >> Method: com.healthmarketscience.jackcess.impl.IndexData.setUnsupportedReason(IndexData.java:352) ]
WARN:unsupported collating sort order SortOrder[2052(0)] for text index (Db=TaxManager (2).accdb;Table=t_xsdj;Index=3), making read-only
2020-09-24 17:02:52 下午 [Thread: JavaFX Application Thread][ Class:com.healthmarketscience.jackcess.Index >> Method: com.healthmarketscience.jackcess.impl.IndexData.setUnsupportedReason(IndexData.java:352) ]
WARN:unsupported collating sort order SortOrder[2052(0)] for text index (Db=TaxManager (2).accdb;Table=t_xsdj;Index=5), making read-only
2020-09-24 17:02:52 下午 [Thread: JavaFX Application Thread][ Class:com.healthmarketscience.jackcess.Index >> Method: com.healthmarketscience.jackcess.impl.IndexData.setUnsupportedReason(IndexData.java:352) ]
WARN:unsupported collating sort order SortOrder[2052(0)] for text index (Db=TaxManager (2).accdb;Table=t_xsdj;Index=6), making read-only
2020-09-24 17:02:56 下午 [Thread: JavaFX Application Thread][ Class:com.healthmarketscience.jackcess.Index >> Method: com.healthmarketscience.jackcess.impl.IndexData.setUnsupportedReason(IndexData.java:352) ]
WARN:unsupported collating sort order SortOrder[2052(0)] for text index (Db=TaxManager (2).accdb;Table=t_xsdj_mx;Index=1), making read-only
2020-09-24 17:02:56 下午 [Thread: JavaFX Application Thread][ Class:com.healthmarketscience.jackcess.Index >> Method: com.healthmarketscience.jackcess.impl.IndexData.setUnsupportedReason(IndexData.java:352) ]
WARN:unsupported collating sort order SortOrder[2052(0)] for text index (Db=TaxManager (2).accdb;Table=t_xsdj_mx;Index=3), making read-only
2020-09-24 17:14:27 下午 [Thread: main][ Class:com.healthmarketscience.jackcess.Index >> Method: com.healthmarketscience.jackcess.impl.IndexData.setUnsupportedReason(IndexData.java:352) ]
WARN:unsupported collating sort order SortOrder[2052(0)] for text index (Db=TaxManager (2).accdb;Table=t_customer;Index=0), making read-only
2020-09-24 17:14:27 下午 [Thread: main][ Class:com.healthmarketscience.jackcess.Index >> Method: com.healthmarketscience.jackcess.impl.IndexData.setUnsupportedReason(IndexData.java:352) ]
WARN:unsupported collating sort order SortOrder[2052(0)] for text index (Db=TaxManager (2).accdb;Table=t_customer;Index=1), making read-only
2020-09-24 17:14:27 下午 [Thread: main][ Class:com.healthmarketscience.jackcess.Index >> Method: com.healthmarketscience.jackcess.impl.IndexData.setUnsupportedReason(IndexData.java:352) ]
WARN:unsupported collating sort order SortOrder[2052(0)] for text index (Db=TaxManager (2).accdb;Table=t_customer;Index=2), making read-only
2020-09-24 17:14:27 下午 [Thread: main][ Class:com.healthmarketscience.jackcess.Index >> Method: com.healthmarketscience.jackcess.impl.IndexData.setUnsupportedReason(IndexData.java:352) ]
WARN:unsupported collating sort order SortOrder[2052(0)] for text index (Db=TaxManager (2).accdb;Table=T_FUNCTION;Index=0), making read-only
2020-09-24 17:14:27 下午 [Thread: main][ Class:com.healthmarketscience.jackcess.Index >> Method: com.healthmarketscience.jackcess.impl.IndexData.setUnsupportedReason(IndexData.java:352) ]
WARN:unsupported collating sort order SortOrder[2052(0)] for text index (Db=TaxManager (2).accdb;Table=T_FUNCTION;Index=3), making read-only
2020-09-24 17:14:27 下午 [Thread: main][ Class:com.healthmarketscience.jackcess.Index >> Method: com.healthmarketscience.jackcess.impl.IndexData.setUnsupportedReason(IndexData.java:352) ]
WARN:unsupported collating sort order SortOrder[2052(0)] for text index (Db=TaxManager (2).accdb;Table=t_goods;Index=0), making read-only
2020-09-24 17:14:27 下午 [Thread: main][ Class:com.healthmarketscience.jackcess.Index >> Method: com.healthmarketscience.jackcess.impl.IndexData.setUnsupportedReason(IndexData.java:352) ]
WARN:unsupported collating sort order SortOrder[2052(0)] for text index (Db=TaxManager (2).accdb;Table=t_goods;Index=1), making read-only
2020-09-24 17:14:27 下午 [Thread: main][ Class:com.healthmarketscience.jackcess.Index >> Method: com.healthmarketscience.jackcess.impl.IndexData.setUnsupportedReason(IndexData.java:352) ]
WARN:unsupported collating sort order SortOrder[2052(0)] for text index (Db=TaxManager (2).accdb;Table=t_goods;Index=3), making read-only
2020-09-24 17:14:27 下午 [Thread: main][ Class:com.healthmarketscience.jackcess.Index >> Method: com.healthmarketscience.jackcess.impl.IndexData.setUnsupportedReason(IndexData.java:352) ]
WARN:unsupported collating sort order SortOrder[2052(0)] for text index (Db=TaxManager (2).accdb;Table=T_ROLE;Index=2), making read-only
2020-09-24 17:14:27 下午 [Thread: main][ Class:com.healthmarketscience.jackcess.Index >> Method: com.healthmarketscience.jackcess.impl.IndexData.setUnsupportedReason(IndexData.java:352) ]
WARN:unsupported collating sort order SortOrder[2052(0)] for text index (Db=TaxManager (2).accdb;Table=t_tmpopt;Index=0), making read-only
2020-09-24 17:14:27 下午 [Thread: main][ Class:com.healthmarketscience.jackcess.Index >> Method: com.healthmarketscience.jackcess.impl.IndexData.setUnsupportedReason(IndexData.java:352) ]
WARN:unsupported collating sort order SortOrder[2052(0)] for text index (Db=TaxManager (2).accdb;Table=t_tmpopt;Index=1), making read-only
2020-09-24 17:14:27 下午 [Thread: main][ Class:com.healthmarketscience.jackcess.Index >> Method: com.healthmarketscience.jackcess.impl.IndexData.setUnsupportedReason(IndexData.java:352) ]
WARN:unsupported collating sort order SortOrder[2052(0)] for text index (Db=TaxManager (2).accdb;Table=t_tmpopt;Index=2), making read-only
2020-09-24 17:14:27 下午 [Thread: main][ Class:com.healthmarketscience.jackcess.Index >> Method: com.healthmarketscience.jackcess.impl.IndexData.setUnsupportedReason(IndexData.java:352) ]
WARN:unsupported collating sort order SortOrder[2052(0)] for text index (Db=TaxManager (2).accdb;Table=t_tmpopt;Index=3), making read-only
2020-09-24 17:14:27 下午 [Thread: main][ Class:com.healthmarketscience.jackcess.Index >> Method: com.healthmarketscience.jackcess.impl.IndexData.setUnsupportedReason(IndexData.java:352) ]
WARN:unsupported collating sort order SortOrder[2052(0)] for text index (Db=TaxManager (2).accdb;Table=t_tmpopt;Index=4), making read-only
2020-09-24 17:14:27 下午 [Thread: main][ Class:com.healthmarketscience.jackcess.Index >> Method: com.healthmarketscience.jackcess.impl.IndexData.setUnsupportedReason(IndexData.java:352) ]
WARN:unsupported collating sort order SortOrder[2052(0)] for text index (Db=TaxManager (2).accdb;Table=t_tmpopt;Index=5), making read-only
2020-09-24 17:14:27 下午 [Thread: main][ Class:com.healthmarketscience.jackcess.Index >> Method: com.healthmarketscience.jackcess.impl.IndexData.setUnsupportedReason(IndexData.java:352) ]
WARN:unsupported collating sort order SortOrder[2052(0)] for text index (Db=TaxManager (2).accdb;Table=t_tmpopt;Index=7), making read-only
2020-09-24 17:14:27 下午 [Thread: main][ Class:com.healthmarketscience.jackcess.Index >> Method: com.healthmarketscience.jackcess.impl.IndexData.setUnsupportedReason(IndexData.java:352) ]
WARN:unsupported collating sort order SortOrder[2052(0)] for text index (Db=TaxManager (2).accdb;Table=t_tmpopt;Index=8), making read-only
2020-09-24 17:14:27 下午 [Thread: main][ Class:com.healthmarketscience.jackcess.Index >> Method: com.healthmarketscience.jackcess.impl.IndexData.setUnsupportedReason(IndexData.java:352) ]
WARN:unsupported collating sort order SortOrder[2052(0)] for text index (Db=TaxManager (2).accdb;Table=t_tmpopt_log;Index=0), making read-only
2020-09-24 17:14:27 下午 [Thread: main][ Class:com.healthmarketscience.jackcess.Index >> Method: com.healthmarketscience.jackcess.impl.IndexData.setUnsupportedReason(IndexData.java:352) ]
WARN:unsupported collating sort order SortOrder[2052(0)] for text index (Db=TaxManager (2).accdb;Table=t_tmpopt_log;Index=1), making read-only
2020-09-24 17:14:27 下午 [Thread: main][ Class:com.healthmarketscience.jackcess.Index >> Method: com.healthmarketscience.jackcess.impl.IndexData.setUnsupportedReason(IndexData.java:352) ]
WARN:unsupported collating sort order SortOrder[2052(0)] for text index (Db=TaxManager (2).accdb;Table=t_tmpopt_log;Index=2), making read-only
2020-09-24 17:14:27 下午 [Thread: main][ Class:com.healthmarketscience.jackcess.Index >> Method: com.healthmarketscience.jackcess.impl.IndexData.setUnsupportedReason(IndexData.java:352) ]
WARN:unsupported collating sort order SortOrder[2052(0)] for text index (Db=TaxManager (2).accdb;Table=t_tmpopt_log;Index=3), making read-only
2020-09-24 17:14:27 下午 [Thread: main][ Class:com.healthmarketscience.jackcess.Index >> Method: com.healthmarketscience.jackcess.impl.IndexData.setUnsupportedReason(IndexData.java:352) ]
WARN:unsupported collating sort order SortOrder[2052(0)] for text index (Db=TaxManager (2).accdb;Table=t_tmpopt_log;Index=4), making read-only
2020-09-24 17:14:27 下午 [Thread: main][ Class:com.healthmarketscience.jackcess.Index >> Method: com.healthmarketscience.jackcess.impl.IndexData.setUnsupportedReason(IndexData.java:352) ]
WARN:unsupported collating sort order SortOrder[2052(0)] for text index (Db=TaxManager (2).accdb;Table=t_tmpopt_log;Index=5), making read-only
2020-09-24 17:14:27 下午 [Thread: main][ Class:com.healthmarketscience.jackcess.Index >> Method: com.healthmarketscience.jackcess.impl.IndexData.setUnsupportedReason(IndexData.java:352) ]
WARN:unsupported collating sort order SortOrder[2052(0)] for text index (Db=TaxManager (2).accdb;Table=t_tmpopt_log;Index=7), making read-only
2020-09-24 17:14:27 下午 [Thread: main][ Class:com.healthmarketscience.jackcess.Index >> Method: com.healthmarketscience.jackcess.impl.IndexData.setUnsupportedReason(IndexData.java:352) ]
WARN:unsupported collating sort order SortOrder[2052(0)] for text index (Db=TaxManager (2).accdb;Table=t_tmpopt_log;Index=8), making read-only
2020-09-24 17:14:27 下午 [Thread: main][ Class:com.healthmarketscience.jackcess.Index >> Method: com.healthmarketscience.jackcess.impl.IndexData.setUnsupportedReason(IndexData.java:352) ]
WARN:unsupported collating sort order SortOrder[2052(0)] for text index (Db=TaxManager (2).accdb;Table=T_USER;Index=2), making read-only
2020-09-24 17:14:27 下午 [Thread: main][ Class:com.healthmarketscience.jackcess.Index >> Method: com.healthmarketscience.jackcess.impl.IndexData.setUnsupportedReason(IndexData.java:352) ]
WARN:unsupported collating sort order SortOrder[2052(0)] for text index (Db=TaxManager (2).accdb;Table=T_USER;Index=3), making read-only
2020-09-24 17:14:27 下午 [Thread: main][ Class:com.healthmarketscience.jackcess.Index >> Method: com.healthmarketscience.jackcess.impl.IndexData.setUnsupportedReason(IndexData.java:352) ]
WARN:unsupported collating sort order SortOrder[2052(0)] for text index (Db=TaxManager (2).accdb;Table=t_xsdj;Index=0), making read-only
2020-09-24 17:14:27 下午 [Thread: main][ Class:com.healthmarketscience.jackcess.Index >> Method: com.healthmarketscience.jackcess.impl.IndexData.setUnsupportedReason(IndexData.java:352) ]
WARN:unsupported collating sort order SortOrder[2052(0)] for text index (Db=TaxManager (2).accdb;Table=t_xsdj;Index=3), making read-only
2020-09-24 17:14:27 下午 [Thread: main][ Class:com.healthmarketscience.jackcess.Index >> Method: com.healthmarketscience.jackcess.impl.IndexData.setUnsupportedReason(IndexData.java:352) ]
WARN:unsupported collating sort order SortOrder[2052(0)] for text index (Db=TaxManager (2).accdb;Table=t_xsdj;Index=5), making read-only
2020-09-24 17:14:27 下午 [Thread: main][ Class:com.healthmarketscience.jackcess.Index >> Method: com.healthmarketscience.jackcess.impl.IndexData.setUnsupportedReason(IndexData.java:352) ]
WARN:unsupported collating sort order SortOrder[2052(0)] for text index (Db=TaxManager (2).accdb;Table=t_xsdj;Index=6), making read-only
2020-09-24 17:14:27 下午 [Thread: main][ Class:com.healthmarketscience.jackcess.Index >> Method: com.healthmarketscience.jackcess.impl.IndexData.setUnsupportedReason(IndexData.java:352) ]
WARN:unsupported collating sort order SortOrder[2052(0)] for text index (Db=TaxManager (2).accdb;Table=t_xsdj_mx;Index=1), making read-only
2020-09-24 17:14:27 下午 [Thread: main][ Class:com.healthmarketscience.jackcess.Index >> Method: com.healthmarketscience.jackcess.impl.IndexData.setUnsupportedReason(IndexData.java:352) ]
WARN:unsupported collating sort order SortOrder[2052(0)] for text index (Db=TaxManager (2).accdb;Table=t_xsdj_mx;Index=3), making read-only
2020-09-24 17:14:27 下午 [Thread: main][ Class:com.healthmarketscience.jackcess.Index >> Method: com.healthmarketscience.jackcess.impl.IndexData.setUnsupportedReason(IndexData.java:352) ]
WARN:unsupported collating sort order SortOrder[2052(0)] for text index (Db=TaxManager (2).accdb;Table=t_xsdj_mxhb;Index=1), making read-only
2020-09-24 17:14:27 下午 [Thread: main][ Class:com.healthmarketscience.jackcess.Index >> Method: com.healthmarketscience.jackcess.impl.IndexData.setUnsupportedReason(IndexData.java:352) ]
WARN:unsupported collating sort order SortOrder[2052(0)] for text index (Db=TaxManager (2).accdb;Table=t_xsdj_mxhb;Index=3), making read-only
2020-09-24 17:14:27 下午 [Thread: main][ Class:com.healthmarketscience.jackcess.Index >> Method: com.healthmarketscience.jackcess.impl.IndexData.setUnsupportedReason(IndexData.java:352) ]
WARN:unsupported collating sort order SortOrder[2052(0)] for text index (Db=TaxManager (2).accdb;Table=t_xsdj_relation;Index=0), making read-only
2020-09-24 17:14:27 下午 [Thread: main][ Class:com.healthmarketscience.jackcess.Index >> Method: com.healthmarketscience.jackcess.impl.IndexData.setUnsupportedReason(IndexData.java:352) ]
WARN:unsupported collating sort order SortOrder[2052(0)] for text index (Db=TaxManager (2).accdb;Table=t_xsdj_relation;Index=1), making read-only
2020-09-24 17:14:27 下午 [Thread: main][ Class:com.healthmarketscience.jackcess.Index >> Method: com.healthmarketscience.jackcess.impl.IndexData.setUnsupportedReason(IndexData.java:352) ]
WARN:unsupported collating sort order SortOrder[2052(0)] for text index (Db=TaxManager (2).accdb;Table=t_xsdjhb;Index=2), making read-only
2020-09-24 17:14:27 下午 [Thread: main][ Class:com.healthmarketscience.jackcess.Index >> Method: com.healthmarketscience.jackcess.impl.IndexData.setUnsupportedReason(IndexData.java:352) ]
WARN:unsupported collating sort order SortOrder[2052(0)] for text index (Db=TaxManager (2).accdb;Table=t_xsdjmx_relation;Index=0), making read-only
2020-09-24 17:14:27 下午 [Thread: main][ Class:com.healthmarketscience.jackcess.Index >> Method: com.healthmarketscience.jackcess.impl.IndexData.setUnsupportedReason(IndexData.java:352) ]
WARN:unsupported collating sort order SortOrder[2052(0)] for text index (Db=TaxManager (2).accdb;Table=t_xsdjmx_relation;Index=1), making read-only
2020-09-24 17:14:27 下午 [Thread: main][ Class:com.healthmarketscience.jackcess.Index >> Method: com.healthmarketscience.jackcess.impl.IndexData.setUnsupportedReason(IndexData.java:352) ]
WARN:unsupported collating sort order SortOrder[2052(0)] for text index (Db=TaxManager (2).accdb;Table=t_xxfp;Index=0), making read-only
2020-09-24 17:14:27 下午 [Thread: main][ Class:com.healthmarketscience.jackcess.Index >> Method: com.healthmarketscience.jackcess.impl.IndexData.setUnsupportedReason(IndexData.java:352) ]
WARN:unsupported collating sort order SortOrder[2052(0)] for text index (Db=TaxManager (2).accdb;Table=t_xxfp;Index=2), making read-only
2020-09-24 17:14:27 下午 [Thread: main][ Class:com.healthmarketscience.jackcess.Index >> Method: com.healthmarketscience.jackcess.impl.IndexData.setUnsupportedReason(IndexData.java:352) ]
WARN:unsupported collating sort order SortOrder[2052(0)] for text index (Db=TaxManager (2).accdb;Table=t_xxfp;Index=5), making read-only
2020-09-24 17:14:27 下午 [Thread: main][ Class:com.healthmarketscience.jackcess.Index >> Method: com.healthmarketscience.jackcess.impl.IndexData.setUnsupportedReason(IndexData.java:352) ]
WARN:unsupported collating sort order SortOrder[2052(0)] for text index (Db=TaxManager (2).accdb;Table=t_xxfp_mx;Index=2), making read-only
2020-09-24 17:14:27 下午 [Thread: main][ Class:com.healthmarketscience.jackcess.Index >> Method: com.healthmarketscience.jackcess.impl.IndexData.setUnsupportedReason(IndexData.java:352) ]
WARN:unsupported collating sort order SortOrder[2052(0)] for text index (Db=TaxManager (2).accdb;Table=t_customer;Index=0), making read-only
2020-09-24 17:14:27 下午 [Thread: main][ Class:com.healthmarketscience.jackcess.Index >> Method: com.healthmarketscience.jackcess.impl.IndexData.setUnsupportedReason(IndexData.java:352) ]
WARN:unsupported collating sort order SortOrder[2052(0)] for text index (Db=TaxManager (2).accdb;Table=t_customer;Index=1), making read-only
2020-09-24 17:14:27 下午 [Thread: main][ Class:com.healthmarketscience.jackcess.Index >> Method: com.healthmarketscience.jackcess.impl.IndexData.setUnsupportedReason(IndexData.java:352) ]
WARN:unsupported collating sort order SortOrder[2052(0)] for text index (Db=TaxManager (2).accdb;Table=t_customer;Index=2), making read-only
2020-09-24 17:14:27 下午 [Thread: main][ Class:com.healthmarketscience.jackcess.Index >> Method: com.healthmarketscience.jackcess.impl.IndexData.setUnsupportedReason(IndexData.java:352) ]
WARN:unsupported collating sort order SortOrder[2052(0)] for text index (Db=TaxManager (2).accdb;Table=T_FUNCTION;Index=0), making read-only
2020-09-24 17:14:27 下午 [Thread: main][ Class:com.healthmarketscience.jackcess.Index >> Method: com.healthmarketscience.jackcess.impl.IndexData.setUnsupportedReason(IndexData.java:352) ]
WARN:unsupported collating sort order SortOrder[2052(0)] for text index (Db=TaxManager (2).accdb;Table=T_FUNCTION;Index=3), making read-only
2020-09-24 17:14:27 下午 [Thread: main][ Class:com.healthmarketscience.jackcess.Index >> Method: com.healthmarketscience.jackcess.impl.IndexData.setUnsupportedReason(IndexData.java:352) ]
WARN:unsupported collating sort order SortOrder[2052(0)] for text index (Db=TaxManager (2).accdb;Table=t_goods;Index=0), making read-only
2020-09-24 17:14:27 下午 [Thread: main][ Class:com.healthmarketscience.jackcess.Index >> Method: com.healthmarketscience.jackcess.impl.IndexData.setUnsupportedReason(IndexData.java:352) ]
WARN:unsupported collating sort order SortOrder[2052(0)] for text index (Db=TaxManager (2).accdb;Table=t_goods;Index=1), making read-only
2020-09-24 17:14:27 下午 [Thread: main][ Class:com.healthmarketscience.jackcess.Index >> Method: com.healthmarketscience.jackcess.impl.IndexData.setUnsupportedReason(IndexData.java:352) ]
WARN:unsupported collating sort order SortOrder[2052(0)] for text index (Db=TaxManager (2).accdb;Table=t_goods;Index=3), making read-only
2020-09-24 17:14:27 下午 [Thread: main][ Class:com.healthmarketscience.jackcess.Index >> Method: com.healthmarketscience.jackcess.impl.IndexData.setUnsupportedReason(IndexData.java:352) ]
WARN:unsupported collating sort order SortOrder[2052(0)] for text index (Db=TaxManager (2).accdb;Table=T_ROLE;Index=2), making read-only
2020-09-24 17:14:27 下午 [Thread: main][ Class:com.healthmarketscience.jackcess.Index >> Method: com.healthmarketscience.jackcess.impl.IndexData.setUnsupportedReason(IndexData.java:352) ]
WARN:unsupported collating sort order SortOrder[2052(0)] for text index (Db=TaxManager (2).accdb;Table=t_tmpopt;Index=0), making read-only
2020-09-24 17:14:27 下午 [Thread: main][ Class:com.healthmarketscience.jackcess.Index >> Method: com.healthmarketscience.jackcess.impl.IndexData.setUnsupportedReason(IndexData.java:352) ]
WARN:unsupported collating sort order SortOrder[2052(0)] for text index (Db=TaxManager (2).accdb;Table=t_tmpopt;Index=1), making read-only
2020-09-24 17:14:27 下午 [Thread: main][ Class:com.healthmarketscience.jackcess.Index >> Method: com.healthmarketscience.jackcess.impl.IndexData.setUnsupportedReason(IndexData.java:352) ]
WARN:unsupported collating sort order SortOrder[2052(0)] for text index (Db=TaxManager (2).accdb;Table=t_tmpopt;Index=2), making read-only
2020-09-24 17:14:27 下午 [Thread: main][ Class:com.healthmarketscience.jackcess.Index >> Method: com.healthmarketscience.jackcess.impl.IndexData.setUnsupportedReason(IndexData.java:352) ]
WARN:unsupported collating sort order SortOrder[2052(0)] for text index (Db=TaxManager (2).accdb;Table=t_tmpopt;Index=3), making read-only
2020-09-24 17:14:27 下午 [Thread: main][ Class:com.healthmarketscience.jackcess.Index >> Method: com.healthmarketscience.jackcess.impl.IndexData.setUnsupportedReason(IndexData.java:352) ]
WARN:unsupported collating sort order SortOrder[2052(0)] for text index (Db=TaxManager (2).accdb;Table=t_tmpopt;Index=4), making read-only
2020-09-24 17:14:27 下午 [Thread: main][ Class:com.healthmarketscience.jackcess.Index >> Method: com.healthmarketscience.jackcess.impl.IndexData.setUnsupportedReason(IndexData.java:352) ]
WARN:unsupported collating sort order SortOrder[2052(0)] for text index (Db=TaxManager (2).accdb;Table=t_tmpopt;Index=5), making read-only
2020-09-24 17:14:27 下午 [Thread: main][ Class:com.healthmarketscience.jackcess.Index >> Method: com.healthmarketscience.jackcess.impl.IndexData.setUnsupportedReason(IndexData.java:352) ]
WARN:unsupported collating sort order SortOrder[2052(0)] for text index (Db=TaxManager (2).accdb;Table=t_tmpopt;Index=7), making read-only
2020-09-24 17:14:27 下午 [Thread: main][ Class:com.healthmarketscience.jackcess.Index >> Method: com.healthmarketscience.jackcess.impl.IndexData.setUnsupportedReason(IndexData.java:352) ]
WARN:unsupported collating sort order SortOrder[2052(0)] for text index (Db=TaxManager (2).accdb;Table=t_tmpopt;Index=8), making read-only
2020-09-24 17:14:27 下午 [Thread: main][ Class:com.healthmarketscience.jackcess.Index >> Method: com.healthmarketscience.jackcess.impl.IndexData.setUnsupportedReason(IndexData.java:352) ]
WARN:unsupported collating sort order SortOrder[2052(0)] for text index (Db=TaxManager (2).accdb;Table=t_tmpopt_log;Index=0), making read-only
2020-09-24 17:14:27 下午 [Thread: main][ Class:com.healthmarketscience.jackcess.Index >> Method: com.healthmarketscience.jackcess.impl.IndexData.setUnsupportedReason(IndexData.java:352) ]
WARN:unsupported collating sort order SortOrder[2052(0)] for text index (Db=TaxManager (2).accdb;Table=t_tmpopt_log;Index=1), making read-only
2020-09-24 17:14:27 下午 [Thread: main][ Class:com.healthmarketscience.jackcess.Index >> Method: com.healthmarketscience.jackcess.impl.IndexData.setUnsupportedReason(IndexData.java:352) ]
WARN:unsupported collating sort order SortOrder[2052(0)] for text index (Db=TaxManager (2).accdb;Table=t_tmpopt_log;Index=2), making read-only
2020-09-24 17:14:27 下午 [Thread: main][ Class:com.healthmarketscience.jackcess.Index >> Method: com.healthmarketscience.jackcess.impl.IndexData.setUnsupportedReason(IndexData.java:352) ]
WARN:unsupported collating sort order SortOrder[2052(0)] for text index (Db=TaxManager (2).accdb;Table=t_tmpopt_log;Index=3), making read-only
2020-09-24 17:14:27 下午 [Thread: main][ Class:com.healthmarketscience.jackcess.Index >> Method: com.healthmarketscience.jackcess.impl.IndexData.setUnsupportedReason(IndexData.java:352) ]
WARN:unsupported collating sort order SortOrder[2052(0)] for text index (Db=TaxManager (2).accdb;Table=t_tmpopt_log;Index=4), making read-only
2020-09-24 17:14:27 下午 [Thread: main][ Class:com.healthmarketscience.jackcess.Index >> Method: com.healthmarketscience.jackcess.impl.IndexData.setUnsupportedReason(IndexData.java:352) ]
WARN:unsupported collating sort order SortOrder[2052(0)] for text index (Db=TaxManager (2).accdb;Table=t_tmpopt_log;Index=5), making read-only
2020-09-24 17:14:27 下午 [Thread: main][ Class:com.healthmarketscience.jackcess.Index >> Method: com.healthmarketscience.jackcess.impl.IndexData.setUnsupportedReason(IndexData.java:352) ]
WARN:unsupported collating sort order SortOrder[2052(0)] for text index (Db=TaxManager (2).accdb;Table=t_tmpopt_log;Index=7), making read-only
2020-09-24 17:14:27 下午 [Thread: main][ Class:com.healthmarketscience.jackcess.Index >> Method: com.healthmarketscience.jackcess.impl.IndexData.setUnsupportedReason(IndexData.java:352) ]
WARN:unsupported collating sort order SortOrder[2052(0)] for text index (Db=TaxManager (2).accdb;Table=t_tmpopt_log;Index=8), making read-only
2020-09-24 17:14:27 下午 [Thread: main][ Class:com.healthmarketscience.jackcess.Index >> Method: com.healthmarketscience.jackcess.impl.IndexData.setUnsupportedReason(IndexData.java:352) ]
WARN:unsupported collating sort order SortOrder[2052(0)] for text index (Db=TaxManager (2).accdb;Table=T_FUNCTION;Index=0), making read-only
2020-09-24 17:14:27 下午 [Thread: main][ Class:com.healthmarketscience.jackcess.Index >> Method: com.healthmarketscience.jackcess.impl.IndexData.setUnsupportedReason(IndexData.java:352) ]
WARN:unsupported collating sort order SortOrder[2052(0)] for text index (Db=TaxManager (2).accdb;Table=T_FUNCTION;Index=3), making read-only
2020-09-24 17:14:27 下午 [Thread: main][ Class:com.healthmarketscience.jackcess.Index >> Method: com.healthmarketscience.jackcess.impl.IndexData.setUnsupportedReason(IndexData.java:352) ]
WARN:unsupported collating sort order SortOrder[2052(0)] for text index (Db=TaxManager (2).accdb;Table=t_goods;Index=0), making read-only
2020-09-24 17:14:27 下午 [Thread: main][ Class:com.healthmarketscience.jackcess.Index >> Method: com.healthmarketscience.jackcess.impl.IndexData.setUnsupportedReason(IndexData.java:352) ]
WARN:unsupported collating sort order SortOrder[2052(0)] for text index (Db=TaxManager (2).accdb;Table=t_goods;Index=1), making read-only
2020-09-24 17:14:27 下午 [Thread: main][ Class:com.healthmarketscience.jackcess.Index >> Method: com.healthmarketscience.jackcess.impl.IndexData.setUnsupportedReason(IndexData.java:352) ]
WARN:unsupported collating sort order SortOrder[2052(0)] for text index (Db=TaxManager (2).accdb;Table=t_goods;Index=3), making read-only
2020-09-24 17:14:28 下午 [Thread: main][ Class:com.healthmarketscience.jackcess.Index >> Method: com.healthmarketscience.jackcess.impl.IndexData.setUnsupportedReason(IndexData.java:352) ]
WARN:unsupported collating sort order SortOrder[2052(0)] for text index (Db=TaxManager (2).accdb;Table=T_ROLE;Index=2), making read-only
2020-09-24 17:14:28 下午 [Thread: main][ Class:com.healthmarketscience.jackcess.Index >> Method: com.healthmarketscience.jackcess.impl.IndexData.setUnsupportedReason(IndexData.java:352) ]
WARN:unsupported collating sort order SortOrder[2052(0)] for text index (Db=TaxManager (2).accdb;Table=t_tmpopt;Index=0), making read-only
2020-09-24 17:14:28 下午 [Thread: main][ Class:com.healthmarketscience.jackcess.Index >> Method: com.healthmarketscience.jackcess.impl.IndexData.setUnsupportedReason(IndexData.java:352) ]
WARN:unsupported collating sort order SortOrder[2052(0)] for text index (Db=TaxManager (2).accdb;Table=t_tmpopt;Index=1), making read-only
2020-09-24 17:14:28 下午 [Thread: main][ Class:com.healthmarketscience.jackcess.Index >> Method: com.healthmarketscience.jackcess.impl.IndexData.setUnsupportedReason(IndexData.java:352) ]
WARN:unsupported collating sort order SortOrder[2052(0)] for text index (Db=TaxManager (2).accdb;Table=t_tmpopt;Index=2), making read-only
2020-09-24 17:14:28 下午 [Thread: main][ Class:com.healthmarketscience.jackcess.Index >> Method: com.healthmarketscience.jackcess.impl.IndexData.setUnsupportedReason(IndexData.java:352) ]
WARN:unsupported collating sort order SortOrder[2052(0)] for text index (Db=TaxManager (2).accdb;Table=t_tmpopt;Index=3), making read-only
2020-09-24 17:14:28 下午 [Thread: main][ Class:com.healthmarketscience.jackcess.Index >> Method: com.healthmarketscience.jackcess.impl.IndexData.setUnsupportedReason(IndexData.java:352) ]
WARN:unsupported collating sort order SortOrder[2052(0)] for text index (Db=TaxManager (2).accdb;Table=t_tmpopt;Index=4), making read-only
2020-09-24 17:14:28 下午 [Thread: main][ Class:com.healthmarketscience.jackcess.Index >> Method: com.healthmarketscience.jackcess.impl.IndexData.setUnsupportedReason(IndexData.java:352) ]
WARN:unsupported collating sort order SortOrder[2052(0)] for text index (Db=TaxManager (2).accdb;Table=t_tmpopt;Index=5), making read-only
2020-09-24 17:14:28 下午 [Thread: main][ Class:com.healthmarketscience.jackcess.Index >> Method: com.healthmarketscience.jackcess.impl.IndexData.setUnsupportedReason(IndexData.java:352) ]
WARN:unsupported collating sort order SortOrder[2052(0)] for text index (Db=TaxManager (2).accdb;Table=t_tmpopt;Index=7), making read-only
2020-09-24 17:14:28 下午 [Thread: main][ Class:com.healthmarketscience.jackcess.Index >> Method: com.healthmarketscience.jackcess.impl.IndexData.setUnsupportedReason(IndexData.java:352) ]
WARN:unsupported collating sort order SortOrder[2052(0)] for text index (Db=TaxManager (2).accdb;Table=t_tmpopt;Index=8), making read-only
2020-09-24 17:14:28 下午 [Thread: main][ Class:com.healthmarketscience.jackcess.Index >> Method: com.healthmarketscience.jackcess.impl.IndexData.setUnsupportedReason(IndexData.java:352) ]
WARN:unsupported collating sort order SortOrder[2052(0)] for text index (Db=TaxManager (2).accdb;Table=t_tmpopt_log;Index=0), making read-only
2020-09-24 17:14:28 下午 [Thread: main][ Class:com.healthmarketscience.jackcess.Index >> Method: com.healthmarketscience.jackcess.impl.IndexData.setUnsupportedReason(IndexData.java:352) ]
WARN:unsupported collating sort order SortOrder[2052(0)] for text index (Db=TaxManager (2).accdb;Table=t_tmpopt_log;Index=1), making read-only
2020-09-24 17:14:28 下午 [Thread: main][ Class:com.healthmarketscience.jackcess.Index >> Method: com.healthmarketscience.jackcess.impl.IndexData.setUnsupportedReason(IndexData.java:352) ]
WARN:unsupported collating sort order SortOrder[2052(0)] for text index (Db=TaxManager (2).accdb;Table=t_tmpopt_log;Index=2), making read-only
2020-09-24 17:14:28 下午 [Thread: main][ Class:com.healthmarketscience.jackcess.Index >> Method: com.healthmarketscience.jackcess.impl.IndexData.setUnsupportedReason(IndexData.java:352) ]
WARN:unsupported collating sort order SortOrder[2052(0)] for text index (Db=TaxManager (2).accdb;Table=t_tmpopt_log;Index=3), making read-only
2020-09-24 17:14:28 下午 [Thread: main][ Class:com.healthmarketscience.jackcess.Index >> Method: com.healthmarketscience.jackcess.impl.IndexData.setUnsupportedReason(IndexData.java:352) ]
WARN:unsupported collating sort order SortOrder[2052(0)] for text index (Db=TaxManager (2).accdb;Table=t_tmpopt_log;Index=4), making read-only
2020-09-24 17:14:28 下午 [Thread: main][ Class:com.healthmarketscience.jackcess.Index >> Method: com.healthmarketscience.jackcess.impl.IndexData.setUnsupportedReason(IndexData.java:352) ]
WARN:unsupported collating sort order SortOrder[2052(0)] for text index (Db=TaxManager (2).accdb;Table=t_tmpopt_log;Index=5), making read-only
2020-09-24 17:14:28 下午 [Thread: main][ Class:com.healthmarketscience.jackcess.Index >> Method: com.healthmarketscience.jackcess.impl.IndexData.setUnsupportedReason(IndexData.java:352) ]
WARN:unsupported collating sort order SortOrder[2052(0)] for text index (Db=TaxManager (2).accdb;Table=t_tmpopt_log;Index=7), making read-only
2020-09-24 17:14:28 下午 [Thread: main][ Class:com.healthmarketscience.jackcess.Index >> Method: com.healthmarketscience.jackcess.impl.IndexData.setUnsupportedReason(IndexData.java:352) ]
WARN:unsupported collating sort order SortOrder[2052(0)] for text index (Db=TaxManager (2).accdb;Table=t_tmpopt_log;Index=8), making read-only
2020-09-24 17:20:01 下午 [Thread: main][ Class:com.healthmarketscience.jackcess.Index >> Method: com.healthmarketscience.jackcess.impl.IndexData.setUnsupportedReason(IndexData.java:352) ]
WARN:unsupported collating sort order SortOrder[2052(0)] for text index (Db=TaxManager.accdb;Table=t_xxfp;Index=0), making read-only
2020-09-24 17:20:01 下午 [Thread: main][ Class:com.healthmarketscience.jackcess.Index >> Method: com.healthmarketscience.jackcess.impl.IndexData.setUnsupportedReason(IndexData.java:352) ]
WARN:unsupported collating sort order SortOrder[2052(0)] for text index (Db=TaxManager.accdb;Table=t_xxfp;Index=2), making read-only
2020-09-24 17:20:01 下午 [Thread: main][ Class:com.healthmarketscience.jackcess.Index >> Method: com.healthmarketscience.jackcess.impl.IndexData.setUnsupportedReason(IndexData.java:352) ]
WARN:unsupported collating sort order SortOrder[2052(0)] for text index (Db=TaxManager.accdb;Table=t_xxfp;Index=5), making read-only
2020-09-24 17:29:21 下午 [Thread: main][ Class:com.healthmarketscience.jackcess.Index >> Method: com.healthmarketscience.jackcess.impl.IndexData.setUnsupportedReason(IndexData.java:352) ]
WARN:unsupported collating sort order SortOrder[2052(0)] for text index (Db=TaxManager.accdb;Table=t_xxfp;Index=0), making read-only
2020-09-24 17:29:21 下午 [Thread: main][ Class:com.healthmarketscience.jackcess.Index >> Method: com.healthmarketscience.jackcess.impl.IndexData.setUnsupportedReason(IndexData.java:352) ]
WARN:unsupported collating sort order SortOrder[2052(0)] for text index (Db=TaxManager.accdb;Table=t_xxfp;Index=2), making read-only
2020-09-24 17:29:21 下午 [Thread: main][ Class:com.healthmarketscience.jackcess.Index >> Method: com.healthmarketscience.jackcess.impl.IndexData.setUnsupportedReason(IndexData.java:352) ]
WARN:unsupported collating sort order SortOrder[2052(0)] for text index (Db=TaxManager.accdb;Table=t_xxfp;Index=5), making read-only
2020-09-24 17:30:04 下午 [Thread: main][ Class:com.healthmarketscience.jackcess.Index >> Method: com.healthmarketscience.jackcess.impl.IndexData.setUnsupportedReason(IndexData.java:352) ]
WARN:unsupported collating sort order SortOrder[2052(0)] for text index (Db=TaxManager.accdb;Table=t_xxfp;Index=0), making read-only
2020-09-24 17:30:04 下午 [Thread: main][ Class:com.healthmarketscience.jackcess.Index >> Method: com.healthmarketscience.jackcess.impl.IndexData.setUnsupportedReason(IndexData.java:352) ]
WARN:unsupported collating sort order SortOrder[2052(0)] for text index (Db=TaxManager.accdb;Table=t_xxfp;Index=2), making read-only
2020-09-24 17:30:04 下午 [Thread: main][ Class:com.healthmarketscience.jackcess.Index >> Method: com.healthmarketscience.jackcess.impl.IndexData.setUnsupportedReason(IndexData.java:352) ]
WARN:unsupported collating sort order SortOrder[2052(0)] for text index (Db=TaxManager.accdb;Table=t_xxfp;Index=5), making read-only
2020-09-24 17:30:21 下午 [Thread: main][ Class:com.healthmarketscience.jackcess.Index >> Method: com.healthmarketscience.jackcess.impl.IndexData.setUnsupportedReason(IndexData.java:352) ]
WARN:unsupported collating sort order SortOrder[2052(0)] for text index (Db=TaxManager.accdb;Table=t_xxfp;Index=0), making read-only
2020-09-24 17:30:21 下午 [Thread: main][ Class:com.healthmarketscience.jackcess.Index >> Method: com.healthmarketscience.jackcess.impl.IndexData.setUnsupportedReason(IndexData.java:352) ]
WARN:unsupported collating sort order SortOrder[2052(0)] for text index (Db=TaxManager.accdb;Table=t_xxfp;Index=2), making read-only
2020-09-24 17:30:21 下午 [Thread: main][ Class:com.healthmarketscience.jackcess.Index >> Method: com.healthmarketscience.jackcess.impl.IndexData.setUnsupportedReason(IndexData.java:352) ]
WARN:unsupported collating sort order SortOrder[2052(0)] for text index (Db=TaxManager.accdb;Table=t_xxfp;Index=5), making read-only
2020-09-24 17:32:35 下午 [Thread: main][ Class:com.healthmarketscience.jackcess.Index >> Method: com.healthmarketscience.jackcess.impl.IndexData.setUnsupportedReason(IndexData.java:352) ]
WARN:unsupported collating sort order SortOrder[2052(0)] for text index (Db=TaxManager.accdb;Table=t_xxfp;Index=0), making read-only
2020-09-24 17:32:35 下午 [Thread: main][ Class:com.healthmarketscience.jackcess.Index >> Method: com.healthmarketscience.jackcess.impl.IndexData.setUnsupportedReason(IndexData.java:352) ]
WARN:unsupported collating sort order SortOrder[2052(0)] for text index (Db=TaxManager.accdb;Table=t_xxfp;Index=2), making read-only
2020-09-24 17:32:35 下午 [Thread: main][ Class:com.healthmarketscience.jackcess.Index >> Method: com.healthmarketscience.jackcess.impl.IndexData.setUnsupportedReason(IndexData.java:352) ]
WARN:unsupported collating sort order SortOrder[2052(0)] for text index (Db=TaxManager.accdb;Table=t_xxfp;Index=5), making read-only
2020-09-24 17:33:11 下午 [Thread: main][ Class:com.healthmarketscience.jackcess.Index >> Method: com.healthmarketscience.jackcess.impl.IndexData.setUnsupportedReason(IndexData.java:352) ]
WARN:unsupported collating sort order SortOrder[2052(0)] for text index (Db=TaxManager.accdb;Table=t_xxfp;Index=0), making read-only
2020-09-24 17:33:11 下午 [Thread: main][ Class:com.healthmarketscience.jackcess.Index >> Method: com.healthmarketscience.jackcess.impl.IndexData.setUnsupportedReason(IndexData.java:352) ]
WARN:unsupported collating sort order SortOrder[2052(0)] for text index (Db=TaxManager.accdb;Table=t_xxfp;Index=2), making read-only
2020-09-24 17:33:11 下午 [Thread: main][ Class:com.healthmarketscience.jackcess.Index >> Method: com.healthmarketscience.jackcess.impl.IndexData.setUnsupportedReason(IndexData.java:352) ]
WARN:unsupported collating sort order SortOrder[2052(0)] for text index (Db=TaxManager.accdb;Table=t_xxfp;Index=5), making read-only
2020-09-24 17:37:37 下午 [Thread: main][ Class:com.healthmarketscience.jackcess.Index >> Method: com.healthmarketscience.jackcess.impl.IndexData.setUnsupportedReason(IndexData.java:352) ]
WARN:unsupported collating sort order SortOrder[2052(0)] for text index (Db=TaxManager.accdb;Table=t_xxfp;Index=0), making read-only
2020-09-24 17:37:37 下午 [Thread: main][ Class:com.healthmarketscience.jackcess.Index >> Method: com.healthmarketscience.jackcess.impl.IndexData.setUnsupportedReason(IndexData.java:352) ]
WARN:unsupported collating sort order SortOrder[2052(0)] for text index (Db=TaxManager.accdb;Table=t_xxfp;Index=2), making read-only
2020-09-24 17:37:37 下午 [Thread: main][ Class:com.healthmarketscience.jackcess.Index >> Method: com.healthmarketscience.jackcess.impl.IndexData.setUnsupportedReason(IndexData.java:352) ]
WARN:unsupported collating sort order SortOrder[2052(0)] for text index (Db=TaxManager.accdb;Table=t_xxfp;Index=5), making read-only
2020-09-24 17:41:16 下午 [Thread: main][ Class:com.healthmarketscience.jackcess.Index >> Method: com.healthmarketscience.jackcess.impl.IndexData.setUnsupportedReason(IndexData.java:352) ]
WARN:unsupported collating sort order SortOrder[2052(0)] for text index (Db=TaxManager.accdb;Table=t_xxfp;Index=0), making read-only
2020-09-24 17:41:16 下午 [Thread: main][ Class:com.healthmarketscience.jackcess.Index >> Method: com.healthmarketscience.jackcess.impl.IndexData.setUnsupportedReason(IndexData.java:352) ]
WARN:unsupported collating sort order SortOrder[2052(0)] for text index (Db=TaxManager.accdb;Table=t_xxfp;Index=2), making read-only
2020-09-24 17:41:16 下午 [Thread: main][ Class:com.healthmarketscience.jackcess.Index >> Method: com.healthmarketscience.jackcess.impl.IndexData.setUnsupportedReason(IndexData.java:352) ]
WARN:unsupported collating sort order SortOrder[2052(0)] for text index (Db=TaxManager.accdb;Table=t_xxfp;Index=5), making read-only
2020-09-24 17:41:54 下午 [Thread: main][ Class:com.healthmarketscience.jackcess.Index >> Method: com.healthmarketscience.jackcess.impl.IndexData.setUnsupportedReason(IndexData.java:352) ]
WARN:unsupported collating sort order SortOrder[2052(0)] for text index (Db=TaxManager.accdb;Table=t_xxfp;Index=0), making read-only
2020-09-24 17:41:54 下午 [Thread: main][ Class:com.healthmarketscience.jackcess.Index >> Method: com.healthmarketscience.jackcess.impl.IndexData.setUnsupportedReason(IndexData.java:352) ]
WARN:unsupported collating sort order SortOrder[2052(0)] for text index (Db=TaxManager.accdb;Table=t_xxfp;Index=2), making read-only
2020-09-24 17:41:54 下午 [Thread: main][ Class:com.healthmarketscience.jackcess.Index >> Method: com.healthmarketscience.jackcess.impl.IndexData.setUnsupportedReason(IndexData.java:352) ]
WARN:unsupported collating sort order SortOrder[2052(0)] for text index (Db=TaxManager.accdb;Table=t_xxfp;Index=5), making read-only
2020-09-24 17:42:19 下午 [Thread: main][ Class:com.healthmarketscience.jackcess.Index >> Method: com.healthmarketscience.jackcess.impl.IndexData.setUnsupportedReason(IndexData.java:352) ]
WARN:unsupported collating sort order SortOrder[2052(0)] for text index (Db=TaxManager.accdb;Table=t_xxfp;Index=0), making read-only
2020-09-24 17:42:19 下午 [Thread: main][ Class:com.healthmarketscience.jackcess.Index >> Method: com.healthmarketscience.jackcess.impl.IndexData.setUnsupportedReason(IndexData.java:352) ]
WARN:unsupported collating sort order SortOrder[2052(0)] for text index (Db=TaxManager.accdb;Table=t_xxfp;Index=2), making read-only
2020-09-24 17:42:19 下午 [Thread: main][ Class:com.healthmarketscience.jackcess.Index >> Method: com.healthmarketscience.jackcess.impl.IndexData.setUnsupportedReason(IndexData.java:352) ]
WARN:unsupported collating sort order SortOrder[2052(0)] for text index (Db=TaxManager.accdb;Table=t_xxfp;Index=5), making read-only
2020-09-24 17:43:57 下午 [Thread: main][ Class:com.healthmarketscience.jackcess.Index >> Method: com.healthmarketscience.jackcess.impl.IndexData.setUnsupportedReason(IndexData.java:352) ]
WARN:unsupported collating sort order SortOrder[2052(0)] for text index (Db=TaxManager.accdb;Table=t_xxfp;Index=0), making read-only
2020-09-24 17:43:57 下午 [Thread: main][ Class:com.healthmarketscience.jackcess.Index >> Method: com.healthmarketscience.jackcess.impl.IndexData.setUnsupportedReason(IndexData.java:352) ]
WARN:unsupported collating sort order SortOrder[2052(0)] for text index (Db=TaxManager.accdb;Table=t_xxfp;Index=2), making read-only
2020-09-24 17:43:57 下午 [Thread: main][ Class:com.healthmarketscience.jackcess.Index >> Method: com.healthmarketscience.jackcess.impl.IndexData.setUnsupportedReason(IndexData.java:352) ]
WARN:unsupported collating sort order SortOrder[2052(0)] for text index (Db=TaxManager.accdb;Table=t_xxfp;Index=5), making read-only
2020-09-24 17:44:45 下午 [Thread: main][ Class:com.healthmarketscience.jackcess.Index >> Method: com.healthmarketscience.jackcess.impl.IndexData.setUnsupportedReason(IndexData.java:352) ]
WARN:unsupported collating sort order SortOrder[2052(0)] for text index (Db=TaxManager.accdb;Table=t_xxfp;Index=0), making read-only
2020-09-24 17:44:45 下午 [Thread: main][ Class:com.healthmarketscience.jackcess.Index >> Method: com.healthmarketscience.jackcess.impl.IndexData.setUnsupportedReason(IndexData.java:352) ]
WARN:unsupported collating sort order SortOrder[2052(0)] for text index (Db=TaxManager.accdb;Table=t_xxfp;Index=2), making read-only
2020-09-24 17:44:45 下午 [Thread: main][ Class:com.healthmarketscience.jackcess.Index >> Method: com.healthmarketscience.jackcess.impl.IndexData.setUnsupportedReason(IndexData.java:352) ]
WARN:unsupported collating sort order SortOrder[2052(0)] for text index (Db=TaxManager.accdb;Table=t_xxfp;Index=5), making read-only
2020-09-24 17:45:30 下午 [Thread: main][ Class:com.healthmarketscience.jackcess.Index >> Method: com.healthmarketscience.jackcess.impl.IndexData.setUnsupportedReason(IndexData.java:352) ]
WARN:unsupported collating sort order SortOrder[2052(0)] for text index (Db=TaxManager.accdb;Table=t_xxfp;Index=0), making read-only
2020-09-24 17:45:30 下午 [Thread: main][ Class:com.healthmarketscience.jackcess.Index >> Method: com.healthmarketscience.jackcess.impl.IndexData.setUnsupportedReason(IndexData.java:352) ]
WARN:unsupported collating sort order SortOrder[2052(0)] for text index (Db=TaxManager.accdb;Table=t_xxfp;Index=2), making read-only
2020-09-24 17:45:30 下午 [Thread: main][ Class:com.healthmarketscience.jackcess.Index >> Method: com.healthmarketscience.jackcess.impl.IndexData.setUnsupportedReason(IndexData.java:352) ]
WARN:unsupported collating sort order SortOrder[2052(0)] for text index (Db=TaxManager.accdb;Table=t_xxfp;Index=5), making read-only
2020-09-24 17:45:57 下午 [Thread: main][ Class:com.healthmarketscience.jackcess.Index >> Method: com.healthmarketscience.jackcess.impl.IndexData.setUnsupportedReason(IndexData.java:352) ]
WARN:unsupported collating sort order SortOrder[2052(0)] for text index (Db=TaxManager.accdb;Table=t_xxfp;Index=0), making read-only
2020-09-24 17:45:57 下午 [Thread: main][ Class:com.healthmarketscience.jackcess.Index >> Method: com.healthmarketscience.jackcess.impl.IndexData.setUnsupportedReason(IndexData.java:352) ]
WARN:unsupported collating sort order SortOrder[2052(0)] for text index (Db=TaxManager.accdb;Table=t_xxfp;Index=2), making read-only
2020-09-24 17:45:57 下午 [Thread: main][ Class:com.healthmarketscience.jackcess.Index >> Method: com.healthmarketscience.jackcess.impl.IndexData.setUnsupportedReason(IndexData.java:352) ]
WARN:unsupported collating sort order SortOrder[2052(0)] for text index (Db=TaxManager.accdb;Table=t_xxfp;Index=5), making read-only
2020-09-24 17:46:34 下午 [Thread: main][ Class:com.healthmarketscience.jackcess.Index >> Method: com.healthmarketscience.jackcess.impl.IndexData.setUnsupportedReason(IndexData.java:352) ]
WARN:unsupported collating sort order SortOrder[2052(0)] for text index (Db=TaxManager.accdb;Table=t_xxfp;Index=0), making read-only
2020-09-24 17:46:34 下午 [Thread: main][ Class:com.healthmarketscience.jackcess.Index >> Method: com.healthmarketscience.jackcess.impl.IndexData.setUnsupportedReason(IndexData.java:352) ]
WARN:unsupported collating sort order SortOrder[2052(0)] for text index (Db=TaxManager.accdb;Table=t_xxfp;Index=2), making read-only
2020-09-24 17:46:34 下午 [Thread: main][ Class:com.healthmarketscience.jackcess.Index >> Method: com.healthmarketscience.jackcess.impl.IndexData.setUnsupportedReason(IndexData.java:352) ]
WARN:unsupported collating sort order SortOrder[2052(0)] for text index (Db=TaxManager.accdb;Table=t_xxfp;Index=5), making read-only
2020-09-24 17:47:22 下午 [Thread: main][ Class:com.healthmarketscience.jackcess.Index >> Method: com.healthmarketscience.jackcess.impl.IndexData.setUnsupportedReason(IndexData.java:352) ]
WARN:unsupported collating sort order SortOrder[2052(0)] for text index (Db=TaxManager.accdb;Table=t_xxfp;Index=0), making read-only
2020-09-24 17:47:22 下午 [Thread: main][ Class:com.healthmarketscience.jackcess.Index >> Method: com.healthmarketscience.jackcess.impl.IndexData.setUnsupportedReason(IndexData.java:352) ]
WARN:unsupported collating sort order SortOrder[2052(0)] for text index (Db=TaxManager.accdb;Table=t_xxfp;Index=2), making read-only
2020-09-24 17:47:22 下午 [Thread: main][ Class:com.healthmarketscience.jackcess.Index >> Method: com.healthmarketscience.jackcess.impl.IndexData.setUnsupportedReason(IndexData.java:352) ]
WARN:unsupported collating sort order SortOrder[2052(0)] for text index (Db=TaxManager.accdb;Table=t_xxfp;Index=5), making read-only
2020-09-24 17:49:27 下午 [Thread: main][ Class:com.healthmarketscience.jackcess.Index >> Method: com.healthmarketscience.jackcess.impl.IndexData.setUnsupportedReason(IndexData.java:352) ]
WARN:unsupported collating sort order SortOrder[2052(0)] for text index (Db=TaxManager.accdb;Table=t_xxfp;Index=0), making read-only
2020-09-24 17:49:27 下午 [Thread: main][ Class:com.healthmarketscience.jackcess.Index >> Method: com.healthmarketscience.jackcess.impl.IndexData.setUnsupportedReason(IndexData.java:352) ]
WARN:unsupported collating sort order SortOrder[2052(0)] for text index (Db=TaxManager.accdb;Table=t_xxfp;Index=2), making read-only
2020-09-24 17:49:27 下午 [Thread: main][ Class:com.healthmarketscience.jackcess.Index >> Method: com.healthmarketscience.jackcess.impl.IndexData.setUnsupportedReason(IndexData.java:352) ]
WARN:unsupported collating sort order SortOrder[2052(0)] for text index (Db=TaxManager.accdb;Table=t_xxfp;Index=5), making read-only
2020-09-24 17:50:08 下午 [Thread: main][ Class:com.healthmarketscience.jackcess.Index >> Method: com.healthmarketscience.jackcess.impl.IndexData.setUnsupportedReason(IndexData.java:352) ]
WARN:unsupported collating sort order SortOrder[2052(0)] for text index (Db=TaxManager.accdb;Table=t_xxfp;Index=0), making read-only
2020-09-24 17:50:08 下午 [Thread: main][ Class:com.healthmarketscience.jackcess.Index >> Method: com.healthmarketscience.jackcess.impl.IndexData.setUnsupportedReason(IndexData.java:352) ]
WARN:unsupported collating sort order SortOrder[2052(0)] for text index (Db=TaxManager.accdb;Table=t_xxfp;Index=2), making read-only
2020-09-24 17:50:08 下午 [Thread: main][ Class:com.healthmarketscience.jackcess.Index >> Method: com.healthmarketscience.jackcess.impl.IndexData.setUnsupportedReason(IndexData.java:352) ]
WARN:unsupported collating sort order SortOrder[2052(0)] for text index (Db=TaxManager.accdb;Table=t_xxfp;Index=5), making read-only
2020-09-24 17:51:16 下午 [Thread: main][ Class:com.healthmarketscience.jackcess.Index >> Method: com.healthmarketscience.jackcess.impl.IndexData.setUnsupportedReason(IndexData.java:352) ]
WARN:unsupported collating sort order SortOrder[2052(0)] for text index (Db=TaxManager.accdb;Table=t_xxfp;Index=0), making read-only
2020-09-24 17:51:16 下午 [Thread: main][ Class:com.healthmarketscience.jackcess.Index >> Method: com.healthmarketscience.jackcess.impl.IndexData.setUnsupportedReason(IndexData.java:352) ]
WARN:unsupported collating sort order SortOrder[2052(0)] for text index (Db=TaxManager.accdb;Table=t_xxfp;Index=2), making read-only
2020-09-24 17:51:16 下午 [Thread: main][ Class:com.healthmarketscience.jackcess.Index >> Method: com.healthmarketscience.jackcess.impl.IndexData.setUnsupportedReason(IndexData.java:352) ]
WARN:unsupported collating sort order SortOrder[2052(0)] for text index (Db=TaxManager.accdb;Table=t_xxfp;Index=5), making read-only
2020-09-24 17:51:28 下午 [Thread: main][ Class:com.healthmarketscience.jackcess.Index >> Method: com.healthmarketscience.jackcess.impl.IndexData.setUnsupportedReason(IndexData.java:352) ]
WARN:unsupported collating sort order SortOrder[2052(0)] for text index (Db=TaxManager.accdb;Table=t_xxfp;Index=0), making read-only
2020-09-24 17:51:28 下午 [Thread: main][ Class:com.healthmarketscience.jackcess.Index >> Method: com.healthmarketscience.jackcess.impl.IndexData.setUnsupportedReason(IndexData.java:352) ]
WARN:unsupported collating sort order SortOrder[2052(0)] for text index (Db=TaxManager.accdb;Table=t_xxfp;Index=2), making read-only
2020-09-24 17:51:28 下午 [Thread: main][ Class:com.healthmarketscience.jackcess.Index >> Method: com.healthmarketscience.jackcess.impl.IndexData.setUnsupportedReason(IndexData.java:352) ]
WARN:unsupported collating sort order SortOrder[2052(0)] for text index (Db=TaxManager.accdb;Table=t_xxfp;Index=5), making read-only
2020-09-24 17:51:58 下午 [Thread: main][ Class:com.healthmarketscience.jackcess.Index >> Method: com.healthmarketscience.jackcess.impl.IndexData.setUnsupportedReason(IndexData.java:352) ]
WARN:unsupported collating sort order SortOrder[2052(0)] for text index (Db=TaxManager.accdb;Table=t_xxfp;Index=0), making read-only
2020-09-24 17:51:58 下午 [Thread: main][ Class:com.healthmarketscience.jackcess.Index >> Method: com.healthmarketscience.jackcess.impl.IndexData.setUnsupportedReason(IndexData.java:352) ]
WARN:unsupported collating sort order SortOrder[2052(0)] for text index (Db=TaxManager.accdb;Table=t_xxfp;Index=2), making read-only
2020-09-24 17:51:58 下午 [Thread: main][ Class:com.healthmarketscience.jackcess.Index >> Method: com.healthmarketscience.jackcess.impl.IndexData.setUnsupportedReason(IndexData.java:352) ]
WARN:unsupported collating sort order SortOrder[2052(0)] for text index (Db=TaxManager.accdb;Table=t_xxfp;Index=5), making read-only
2020-09-24 17:53:48 下午 [Thread: main][ Class:com.healthmarketscience.jackcess.Index >> Method: com.healthmarketscience.jackcess.impl.IndexData.setUnsupportedReason(IndexData.java:352) ]
WARN:unsupported collating sort order SortOrder[2052(0)] for text index (Db=TaxManager.accdb;Table=t_xxfp;Index=0), making read-only
2020-09-24 17:53:48 下午 [Thread: main][ Class:com.healthmarketscience.jackcess.Index >> Method: com.healthmarketscience.jackcess.impl.IndexData.setUnsupportedReason(IndexData.java:352) ]
WARN:unsupported collating sort order SortOrder[2052(0)] for text index (Db=TaxManager.accdb;Table=t_xxfp;Index=2), making read-only
2020-09-24 17:53:48 下午 [Thread: main][ Class:com.healthmarketscience.jackcess.Index >> Method: com.healthmarketscience.jackcess.impl.IndexData.setUnsupportedReason(IndexData.java:352) ]
WARN:unsupported collating sort order SortOrder[2052(0)] for text index (Db=TaxManager.accdb;Table=t_xxfp;Index=5), making read-only
2020-09-24 17:55:19 下午 [Thread: main][ Class:com.healthmarketscience.jackcess.Index >> Method: com.healthmarketscience.jackcess.impl.IndexData.setUnsupportedReason(IndexData.java:352) ]
WARN:unsupported collating sort order SortOrder[2052(0)] for text index (Db=TaxManager.accdb;Table=t_xxfp;Index=0), making read-only
2020-09-24 17:55:19 下午 [Thread: main][ Class:com.healthmarketscience.jackcess.Index >> Method: com.healthmarketscience.jackcess.impl.IndexData.setUnsupportedReason(IndexData.java:352) ]
WARN:unsupported collating sort order SortOrder[2052(0)] for text index (Db=TaxManager.accdb;Table=t_xxfp;Index=2), making read-only
2020-09-24 17:55:19 下午 [Thread: main][ Class:com.healthmarketscience.jackcess.Index >> Method: com.healthmarketscience.jackcess.impl.IndexData.setUnsupportedReason(IndexData.java:352) ]
WARN:unsupported collating sort order SortOrder[2052(0)] for text index (Db=TaxManager.accdb;Table=t_xxfp;Index=5), making read-only
2020-09-24 17:56:13 下午 [Thread: main][ Class:com.healthmarketscience.jackcess.Index >> Method: com.healthmarketscience.jackcess.impl.IndexData.setUnsupportedReason(IndexData.java:352) ]
WARN:unsupported collating sort order SortOrder[2052(0)] for text index (Db=TaxManager.accdb;Table=t_xxfp;Index=0), making read-only
2020-09-24 17:56:13 下午 [Thread: main][ Class:com.healthmarketscience.jackcess.Index >> Method: com.healthmarketscience.jackcess.impl.IndexData.setUnsupportedReason(IndexData.java:352) ]
WARN:unsupported collating sort order SortOrder[2052(0)] for text index (Db=TaxManager.accdb;Table=t_xxfp;Index=2), making read-only
2020-09-24 17:56:13 下午 [Thread: main][ Class:com.healthmarketscience.jackcess.Index >> Method: com.healthmarketscience.jackcess.impl.IndexData.setUnsupportedReason(IndexData.java:352) ]
WARN:unsupported collating sort order SortOrder[2052(0)] for text index (Db=TaxManager.accdb;Table=t_xxfp;Index=5), making read-only
2020-09-24 17:56:34 下午 [Thread: main][ Class:com.healthmarketscience.jackcess.Index >> Method: com.healthmarketscience.jackcess.impl.IndexData.setUnsupportedReason(IndexData.java:352) ]
WARN:unsupported collating sort order SortOrder[2052(0)] for text index (Db=TaxManager.accdb;Table=t_xxfp;Index=0), making read-only
2020-09-24 17:56:34 下午 [Thread: main][ Class:com.healthmarketscience.jackcess.Index >> Method: com.healthmarketscience.jackcess.impl.IndexData.setUnsupportedReason(IndexData.java:352) ]
WARN:unsupported collating sort order SortOrder[2052(0)] for text index (Db=TaxManager.accdb;Table=t_xxfp;Index=2), making read-only
2020-09-24 17:56:34 下午 [Thread: main][ Class:com.healthmarketscience.jackcess.Index >> Method: com.healthmarketscience.jackcess.impl.IndexData.setUnsupportedReason(IndexData.java:352) ]
WARN:unsupported collating sort order SortOrder[2052(0)] for text index (Db=TaxManager.accdb;Table=t_xxfp;Index=5), making read-only
2020-09-24 17:57:16 下午 [Thread: main][ Class:com.healthmarketscience.jackcess.Index >> Method: com.healthmarketscience.jackcess.impl.IndexData.setUnsupportedReason(IndexData.java:352) ]
WARN:unsupported collating sort order SortOrder[2052(0)] for text index (Db=TaxManager.accdb;Table=t_xxfp;Index=0), making read-only
2020-09-24 17:57:16 下午 [Thread: main][ Class:com.healthmarketscience.jackcess.Index >> Method: com.healthmarketscience.jackcess.impl.IndexData.setUnsupportedReason(IndexData.java:352) ]
WARN:unsupported collating sort order SortOrder[2052(0)] for text index (Db=TaxManager.accdb;Table=t_xxfp;Index=2), making read-only
2020-09-24 17:57:16 下午 [Thread: main][ Class:com.healthmarketscience.jackcess.Index >> Method: com.healthmarketscience.jackcess.impl.IndexData.setUnsupportedReason(IndexData.java:352) ]
WARN:unsupported collating sort order SortOrder[2052(0)] for text index (Db=TaxManager.accdb;Table=t_xxfp;Index=5), making read-only
2020-09-24 17:59:02 下午 [Thread: main][ Class:com.healthmarketscience.jackcess.Index >> Method: com.healthmarketscience.jackcess.impl.IndexData.setUnsupportedReason(IndexData.java:352) ]
WARN:unsupported collating sort order SortOrder[2052(0)] for text index (Db=TaxManager.accdb;Table=t_xxfp;Index=0), making read-only
2020-09-24 17:59:02 下午 [Thread: main][ Class:com.healthmarketscience.jackcess.Index >> Method: com.healthmarketscience.jackcess.impl.IndexData.setUnsupportedReason(IndexData.java:352) ]
WARN:unsupported collating sort order SortOrder[2052(0)] for text index (Db=TaxManager.accdb;Table=t_xxfp;Index=2), making read-only
2020-09-24 17:59:02 下午 [Thread: main][ Class:com.healthmarketscience.jackcess.Index >> Method: com.healthmarketscience.jackcess.impl.IndexData.setUnsupportedReason(IndexData.java:352) ]
WARN:unsupported collating sort order SortOrder[2052(0)] for text index (Db=TaxManager.accdb;Table=t_xxfp;Index=5), making read-only
2020-09-24 17:59:23 下午 [Thread: main][ Class:com.healthmarketscience.jackcess.Index >> Method: com.healthmarketscience.jackcess.impl.IndexData.setUnsupportedReason(IndexData.java:352) ]
WARN:unsupported collating sort order SortOrder[2052(0)] for text index (Db=TaxManager.accdb;Table=t_xxfp;Index=0), making read-only
2020-09-24 17:59:23 下午 [Thread: main][ Class:com.healthmarketscience.jackcess.Index >> Method: com.healthmarketscience.jackcess.impl.IndexData.setUnsupportedReason(IndexData.java:352) ]
WARN:unsupported collating sort order SortOrder[2052(0)] for text index (Db=TaxManager.accdb;Table=t_xxfp;Index=2), making read-only
2020-09-24 17:59:23 下午 [Thread: main][ Class:com.healthmarketscience.jackcess.Index >> Method: com.healthmarketscience.jackcess.impl.IndexData.setUnsupportedReason(IndexData.java:352) ]
WARN:unsupported collating sort order SortOrder[2052(0)] for text index (Db=TaxManager.accdb;Table=t_xxfp;Index=5), making read-only
2020-09-24 17:59:46 下午 [Thread: main][ Class:com.healthmarketscience.jackcess.Index >> Method: com.healthmarketscience.jackcess.impl.IndexData.setUnsupportedReason(IndexData.java:352) ]
WARN:unsupported collating sort order SortOrder[2052(0)] for text index (Db=TaxManager.accdb;Table=t_xxfp;Index=0), making read-only
2020-09-24 17:59:46 下午 [Thread: main][ Class:com.healthmarketscience.jackcess.Index >> Method: com.healthmarketscience.jackcess.impl.IndexData.setUnsupportedReason(IndexData.java:352) ]
WARN:unsupported collating sort order SortOrder[2052(0)] for text index (Db=TaxManager.accdb;Table=t_xxfp;Index=2), making read-only
2020-09-24 17:59:46 下午 [Thread: main][ Class:com.healthmarketscience.jackcess.Index >> Method: com.healthmarketscience.jackcess.impl.IndexData.setUnsupportedReason(IndexData.java:352) ]
WARN:unsupported collating sort order SortOrder[2052(0)] for text index (Db=TaxManager.accdb;Table=t_xxfp;Index=5), making read-only
2020-09-24 18:00:06 下午 [Thread: main][ Class:com.healthmarketscience.jackcess.Index >> Method: com.healthmarketscience.jackcess.impl.IndexData.setUnsupportedReason(IndexData.java:352) ]
WARN:unsupported collating sort order SortOrder[2052(0)] for text index (Db=TaxManager.accdb;Table=t_xxfp_mx;Index=2), making read-only
2020-09-24 18:03:02 下午 [Thread: main][ Class:com.healthmarketscience.jackcess.Index >> Method: com.healthmarketscience.jackcess.impl.IndexData.setUnsupportedReason(IndexData.java:352) ]
WARN:unsupported collating sort order SortOrder[2052(0)] for text index (Db=TaxManager.accdb;Table=t_xxfp_mx;Index=2), making read-only
2020-09-24 18:03:27 下午 [Thread: main][ Class:com.healthmarketscience.jackcess.Index >> Method: com.healthmarketscience.jackcess.impl.IndexData.setUnsupportedReason(IndexData.java:352) ]
WARN:unsupported collating sort order SortOrder[2052(0)] for text index (Db=TaxManager.accdb;Table=t_xxfp;Index=0), making read-only
2020-09-24 18:03:27 下午 [Thread: main][ Class:com.healthmarketscience.jackcess.Index >> Method: com.healthmarketscience.jackcess.impl.IndexData.setUnsupportedReason(IndexData.java:352) ]
WARN:unsupported collating sort order SortOrder[2052(0)] for text index (Db=TaxManager.accdb;Table=t_xxfp;Index=2), making read-only
2020-09-24 18:03:27 下午 [Thread: main][ Class:com.healthmarketscience.jackcess.Index >> Method: com.healthmarketscience.jackcess.impl.IndexData.setUnsupportedReason(IndexData.java:352) ]
WARN:unsupported collating sort order SortOrder[2052(0)] for text index (Db=TaxManager.accdb;Table=t_xxfp;Index=5), making read-only
2020-09-24 18:13:14 下午 [Thread: main][ Class:com.healthmarketscience.jackcess.Index >> Method: com.healthmarketscience.jackcess.impl.IndexData.setUnsupportedReason(IndexData.java:352) ]
WARN:unsupported collating sort order SortOrder[2052(0)] for text index (Db=TaxManager.accdb;Table=t_xxfp_mx;Index=2), making read-only
